<?xml version="1.0" encoding="UTF-8" ?>
<testsuites name="vitest tests" tests="81" failures="0" errors="0" time="0.1801817">
    <testsuite name="__tests__/golden-sample.test.ts" timestamp="2025-08-02T13:31:27.611Z" hostname="DESKTOP-F7OMCVS" tests="81" failures="0" errors="0" skipped="0" time="0.1801817">
        <testcase classname="__tests__/golden-sample.test.ts" name="Golden Sample Validation &gt; Player Statistics Validation &gt; 大谷翔平 (000011194405194) &gt; should have valid ERA range for pitcher 大谷翔平" time="0.0100953">
        </testcase>
        <testcase classname="__tests__/golden-sample.test.ts" name="Golden Sample Validation &gt; Player Statistics Validation &gt; 村上宗隆 (000011194507273) &gt; should have wRC_plus 2024 within [90, 220]" time="0.0097824">
            <system-err>
Failed to fetch stats for player 000011194507273 year 2024: SqliteError: no such column: wRC_plus
    at Database.prepare [90m(C:\Users\mizut\baseball-ai-media\[39mnode_modules\[4mbetter-sqlite3[24m\lib\methods\wrappers.js:5:21[90m)[39m
    at query [90m(C:\Users\mizut\baseball-ai-media\[39mlib\db.ts:78:37[90m)[39m
    at get [90m(C:\Users\mizut\baseball-ai-media\[39mlib\db.ts:117:25[90m)[39m
    at getPlayerYearStats [90m(C:\Users\mizut\baseball-ai-media\[39m__tests__\golden-sample.test.ts:103:28[90m)[39m
    at [90mC:\Users\mizut\baseball-ai-media\[39m__tests__\golden-sample.test.ts:175:35
    at [90mfile:///C:/Users/mizut/baseball-ai-media/[39mnode_modules/[4m@vitest[24m/runner/dist/chunk-hooks.js:155:11
    at [90mfile:///C:/Users/mizut/baseball-ai-media/[39mnode_modules/[4m@vitest[24m/runner/dist/chunk-hooks.js:752:26
    at [90mfile:///C:/Users/mizut/baseball-ai-media/[39mnode_modules/[4m@vitest[24m/runner/dist/chunk-hooks.js:1897:20
    at new Promise (&lt;anonymous&gt;)
    at runWithTimeout [90m(file:///C:/Users/mizut/baseball-ai-media/[39mnode_modules/[4m@vitest[24m/runner/dist/chunk-hooks.js:1863:10[90m)[39m {
  code: [32m&apos;SQLITE_ERROR&apos;[39m
}

No wRC_plus data found for 村上宗隆 in 2024

            </system-err>
        </testcase>
        <testcase classname="__tests__/golden-sample.test.ts" name="Golden Sample Validation &gt; Player Statistics Validation &gt; 村上宗隆 (000011194507273) &gt; should have OPS 2024 within [0.75, 1.3]" time="0.0020094">
            <system-err>
Failed to fetch stats for player 000011194507273 year 2024: SqliteError: no such column: wRC_plus
    at Database.prepare [90m(C:\Users\mizut\baseball-ai-media\[39mnode_modules\[4mbetter-sqlite3[24m\lib\methods\wrappers.js:5:21[90m)[39m
    at query [90m(C:\Users\mizut\baseball-ai-media\[39mlib\db.ts:78:37[90m)[39m
    at get [90m(C:\Users\mizut\baseball-ai-media\[39mlib\db.ts:117:25[90m)[39m
    at getPlayerYearStats [90m(C:\Users\mizut\baseball-ai-media\[39m__tests__\golden-sample.test.ts:103:28[90m)[39m
    at [90mC:\Users\mizut\baseball-ai-media\[39m__tests__\golden-sample.test.ts:175:35
    at [90mfile:///C:/Users/mizut/baseball-ai-media/[39mnode_modules/[4m@vitest[24m/runner/dist/chunk-hooks.js:155:11
    at [90mfile:///C:/Users/mizut/baseball-ai-media/[39mnode_modules/[4m@vitest[24m/runner/dist/chunk-hooks.js:752:26
    at [90mfile:///C:/Users/mizut/baseball-ai-media/[39mnode_modules/[4m@vitest[24m/runner/dist/chunk-hooks.js:1897:20
    at new Promise (&lt;anonymous&gt;)
    at runWithTimeout [90m(file:///C:/Users/mizut/baseball-ai-media/[39mnode_modules/[4m@vitest[24m/runner/dist/chunk-hooks.js:1863:10[90m)[39m {
  code: [32m&apos;SQLITE_ERROR&apos;[39m
}

No OPS data found for 村上宗隆 in 2024

            </system-err>
        </testcase>
        <testcase classname="__tests__/golden-sample.test.ts" name="Golden Sample Validation &gt; Player Statistics Validation &gt; 村上宗隆 (000011194507273) &gt; should have 本塁打 2024 within [10, 60]" time="0.0016764">
            <system-err>
Failed to fetch stats for player 000011194507273 year 2024: SqliteError: no such column: wRC_plus
    at Database.prepare [90m(C:\Users\mizut\baseball-ai-media\[39mnode_modules\[4mbetter-sqlite3[24m\lib\methods\wrappers.js:5:21[90m)[39m
    at query [90m(C:\Users\mizut\baseball-ai-media\[39mlib\db.ts:78:37[90m)[39m
    at get [90m(C:\Users\mizut\baseball-ai-media\[39mlib\db.ts:117:25[90m)[39m
    at getPlayerYearStats [90m(C:\Users\mizut\baseball-ai-media\[39m__tests__\golden-sample.test.ts:103:28[90m)[39m
    at [90mC:\Users\mizut\baseball-ai-media\[39m__tests__\golden-sample.test.ts:175:35
    at [90mfile:///C:/Users/mizut/baseball-ai-media/[39mnode_modules/[4m@vitest[24m/runner/dist/chunk-hooks.js:155:11
    at [90mfile:///C:/Users/mizut/baseball-ai-media/[39mnode_modules/[4m@vitest[24m/runner/dist/chunk-hooks.js:752:26
    at [90mfile:///C:/Users/mizut/baseball-ai-media/[39mnode_modules/[4m@vitest[24m/runner/dist/chunk-hooks.js:1897:20
    at new Promise (&lt;anonymous&gt;)
    at runWithTimeout [90m(file:///C:/Users/mizut/baseball-ai-media/[39mnode_modules/[4m@vitest[24m/runner/dist/chunk-hooks.js:1863:10[90m)[39m {
  code: [32m&apos;SQLITE_ERROR&apos;[39m
}

No 本塁打 data found for 村上宗隆 in 2024

            </system-err>
        </testcase>
        <testcase classname="__tests__/golden-sample.test.ts" name="Golden Sample Validation &gt; Player Statistics Validation &gt; 村上宗隆 (000011194507273) &gt; should have valid wRC+ range for batter 村上宗隆" time="0.004271">
            <system-err>
Failed to fetch wRC_plus for player 000011194507273 year 2022: SqliteError: no such column: wRC_plus
    at Database.prepare [90m(C:\Users\mizut\baseball-ai-media\[39mnode_modules\[4mbetter-sqlite3[24m\lib\methods\wrappers.js:5:21[90m)[39m
    at query [90m(C:\Users\mizut\baseball-ai-media\[39mlib\db.ts:78:37[90m)[39m
    at get [90m(C:\Users\mizut\baseball-ai-media\[39mlib\db.ts:117:25[90m)[39m
    at getPlayerMetric [90m(C:\Users\mizut\baseball-ai-media\[39m__tests__\golden-sample.test.ts:59:26[90m)[39m
    at [90mC:\Users\mizut\baseball-ai-media\[39m__tests__\golden-sample.test.ts:201:37
    at [90mfile:///C:/Users/mizut/baseball-ai-media/[39mnode_modules/[4m@vitest[24m/runner/dist/chunk-hooks.js:155:11
    at [90mfile:///C:/Users/mizut/baseball-ai-media/[39mnode_modules/[4m@vitest[24m/runner/dist/chunk-hooks.js:752:26
    at [90mfile:///C:/Users/mizut/baseball-ai-media/[39mnode_modules/[4m@vitest[24m/runner/dist/chunk-hooks.js:1897:20
    at new Promise (&lt;anonymous&gt;)
    at runWithTimeout [90m(file:///C:/Users/mizut/baseball-ai-media/[39mnode_modules/[4m@vitest[24m/runner/dist/chunk-hooks.js:1863:10[90m)[39m {
  code: [32m&apos;SQLITE_ERROR&apos;[39m
}

Failed to fetch wRC_plus for player 000011194507273 year 2023: SqliteError: no such column: wRC_plus
    at Database.prepare [90m(C:\Users\mizut\baseball-ai-media\[39mnode_modules\[4mbetter-sqlite3[24m\lib\methods\wrappers.js:5:21[90m)[39m
    at query [90m(C:\Users\mizut\baseball-ai-media\[39mlib\db.ts:78:37[90m)[39m
    at get [90m(C:\Users\mizut\baseball-ai-media\[39mlib\db.ts:117:25[90m)[39m
    at getPlayerMetric [90m(C:\Users\mizut\baseball-ai-media\[39m__tests__\golden-sample.test.ts:59:26[90m)[39m
    at [90mC:\Users\mizut\baseball-ai-media\[39m__tests__\golden-sample.test.ts:201:37
[90m    at processTicksAndRejections (node:internal/process/task_queues:95:5)[39m
    at [90mfile:///C:/Users/mizut/baseball-ai-media/[39mnode_modules/[4m@vitest[24m/runner/dist/chunk-hooks.js:752:20 {
  code: [32m&apos;SQLITE_ERROR&apos;[39m
}

Failed to fetch wRC_plus for player 000011194507273 year 2024: SqliteError: no such column: wRC_plus
    at Database.prepare [90m(C:\Users\mizut\baseball-ai-media\[39mnode_modules\[4mbetter-sqlite3[24m\lib\methods\wrappers.js:5:21[90m)[39m
    at query [90m(C:\Users\mizut\baseball-ai-media\[39mlib\db.ts:78:37[90m)[39m
    at get [90m(C:\Users\mizut\baseball-ai-media\[39mlib\db.ts:117:25[90m)[39m
    at getPlayerMetric [90m(C:\Users\mizut\baseball-ai-media\[39m__tests__\golden-sample.test.ts:59:26[90m)[39m
    at [90mC:\Users\mizut\baseball-ai-media\[39m__tests__\golden-sample.test.ts:201:37
[90m    at processTicksAndRejections (node:internal/process/task_queues:95:5)[39m
    at [90mfile:///C:/Users/mizut/baseball-ai-media/[39mnode_modules/[4m@vitest[24m/runner/dist/chunk-hooks.js:752:20 {
  code: [32m&apos;SQLITE_ERROR&apos;[39m
}

            </system-err>
        </testcase>
        <testcase classname="__tests__/golden-sample.test.ts" name="Golden Sample Validation &gt; Player Statistics Validation &gt; 佐々木朗希 (000011194202252) &gt; should have ERA 2024 within [1.5, 4.5]" time="0.0014649">
            <system-err>
Failed to fetch stats for player 000011194202252 year 2024: SqliteError: no such column: FIP
    at Database.prepare [90m(C:\Users\mizut\baseball-ai-media\[39mnode_modules\[4mbetter-sqlite3[24m\lib\methods\wrappers.js:5:21[90m)[39m
    at query [90m(C:\Users\mizut\baseball-ai-media\[39mlib\db.ts:78:37[90m)[39m
    at get [90m(C:\Users\mizut\baseball-ai-media\[39mlib\db.ts:117:25[90m)[39m
    at getPlayerYearStats [90m(C:\Users\mizut\baseball-ai-media\[39m__tests__\golden-sample.test.ts:89:28[90m)[39m
    at [90mC:\Users\mizut\baseball-ai-media\[39m__tests__\golden-sample.test.ts:175:35
    at [90mfile:///C:/Users/mizut/baseball-ai-media/[39mnode_modules/[4m@vitest[24m/runner/dist/chunk-hooks.js:155:11
    at [90mfile:///C:/Users/mizut/baseball-ai-media/[39mnode_modules/[4m@vitest[24m/runner/dist/chunk-hooks.js:752:26
    at [90mfile:///C:/Users/mizut/baseball-ai-media/[39mnode_modules/[4m@vitest[24m/runner/dist/chunk-hooks.js:1897:20
    at new Promise (&lt;anonymous&gt;)
    at runWithTimeout [90m(file:///C:/Users/mizut/baseball-ai-media/[39mnode_modules/[4m@vitest[24m/runner/dist/chunk-hooks.js:1863:10[90m)[39m {
  code: [32m&apos;SQLITE_ERROR&apos;[39m
}

No ERA data found for 佐々木朗希 in 2024

            </system-err>
        </testcase>
        <testcase classname="__tests__/golden-sample.test.ts" name="Golden Sample Validation &gt; Player Statistics Validation &gt; 佐々木朗希 (000011194202252) &gt; should have FIP 2024 within [2, 4]" time="0.0014672">
            <system-err>
Failed to fetch stats for player 000011194202252 year 2024: SqliteError: no such column: FIP
    at Database.prepare [90m(C:\Users\mizut\baseball-ai-media\[39mnode_modules\[4mbetter-sqlite3[24m\lib\methods\wrappers.js:5:21[90m)[39m
    at query [90m(C:\Users\mizut\baseball-ai-media\[39mlib\db.ts:78:37[90m)[39m
    at get [90m(C:\Users\mizut\baseball-ai-media\[39mlib\db.ts:117:25[90m)[39m
    at getPlayerYearStats [90m(C:\Users\mizut\baseball-ai-media\[39m__tests__\golden-sample.test.ts:89:28[90m)[39m
    at [90mC:\Users\mizut\baseball-ai-media\[39m__tests__\golden-sample.test.ts:175:35
    at [90mfile:///C:/Users/mizut/baseball-ai-media/[39mnode_modules/[4m@vitest[24m/runner/dist/chunk-hooks.js:155:11
    at [90mfile:///C:/Users/mizut/baseball-ai-media/[39mnode_modules/[4m@vitest[24m/runner/dist/chunk-hooks.js:752:26
    at [90mfile:///C:/Users/mizut/baseball-ai-media/[39mnode_modules/[4m@vitest[24m/runner/dist/chunk-hooks.js:1897:20
    at new Promise (&lt;anonymous&gt;)
    at runWithTimeout [90m(file:///C:/Users/mizut/baseball-ai-media/[39mnode_modules/[4m@vitest[24m/runner/dist/chunk-hooks.js:1863:10[90m)[39m {
  code: [32m&apos;SQLITE_ERROR&apos;[39m
}

No FIP data found for 佐々木朗希 in 2024

            </system-err>
        </testcase>
        <testcase classname="__tests__/golden-sample.test.ts" name="Golden Sample Validation &gt; Player Statistics Validation &gt; 佐々木朗希 (000011194202252) &gt; should have K_pct 2024 within [20, 45]" time="0.0013563">
            <system-err>
Failed to fetch stats for player 000011194202252 year 2024: SqliteError: no such column: FIP
    at Database.prepare [90m(C:\Users\mizut\baseball-ai-media\[39mnode_modules\[4mbetter-sqlite3[24m\lib\methods\wrappers.js:5:21[90m)[39m
    at query [90m(C:\Users\mizut\baseball-ai-media\[39mlib\db.ts:78:37[90m)[39m
    at get [90m(C:\Users\mizut\baseball-ai-media\[39mlib\db.ts:117:25[90m)[39m
    at getPlayerYearStats [90m(C:\Users\mizut\baseball-ai-media\[39m__tests__\golden-sample.test.ts:89:28[90m)[39m
    at [90mC:\Users\mizut\baseball-ai-media\[39m__tests__\golden-sample.test.ts:175:35
    at [90mfile:///C:/Users/mizut/baseball-ai-media/[39mnode_modules/[4m@vitest[24m/runner/dist/chunk-hooks.js:155:11
    at [90mfile:///C:/Users/mizut/baseball-ai-media/[39mnode_modules/[4m@vitest[24m/runner/dist/chunk-hooks.js:752:26
    at [90mfile:///C:/Users/mizut/baseball-ai-media/[39mnode_modules/[4m@vitest[24m/runner/dist/chunk-hooks.js:1897:20
    at new Promise (&lt;anonymous&gt;)
    at runWithTimeout [90m(file:///C:/Users/mizut/baseball-ai-media/[39mnode_modules/[4m@vitest[24m/runner/dist/chunk-hooks.js:1863:10[90m)[39m {
  code: [32m&apos;SQLITE_ERROR&apos;[39m
}

No K_pct data found for 佐々木朗希 in 2024

            </system-err>
        </testcase>
        <testcase classname="__tests__/golden-sample.test.ts" name="Golden Sample Validation &gt; Player Statistics Validation &gt; 佐々木朗希 (000011194202252) &gt; should have valid ERA range for pitcher 佐々木朗希" time="0.004579">
        </testcase>
        <testcase classname="__tests__/golden-sample.test.ts" name="Golden Sample Validation &gt; Player Statistics Validation &gt; 山川穂高 (000011194104160) &gt; should have wRC_plus 2024 within [80, 160]" time="0.0013978">
            <system-err>
Failed to fetch stats for player 000011194104160 year 2024: SqliteError: no such column: wRC_plus
    at Database.prepare [90m(C:\Users\mizut\baseball-ai-media\[39mnode_modules\[4mbetter-sqlite3[24m\lib\methods\wrappers.js:5:21[90m)[39m
    at query [90m(C:\Users\mizut\baseball-ai-media\[39mlib\db.ts:78:37[90m)[39m
    at get [90m(C:\Users\mizut\baseball-ai-media\[39mlib\db.ts:117:25[90m)[39m
    at getPlayerYearStats [90m(C:\Users\mizut\baseball-ai-media\[39m__tests__\golden-sample.test.ts:103:28[90m)[39m
    at [90mC:\Users\mizut\baseball-ai-media\[39m__tests__\golden-sample.test.ts:175:35
    at [90mfile:///C:/Users/mizut/baseball-ai-media/[39mnode_modules/[4m@vitest[24m/runner/dist/chunk-hooks.js:155:11
    at [90mfile:///C:/Users/mizut/baseball-ai-media/[39mnode_modules/[4m@vitest[24m/runner/dist/chunk-hooks.js:752:26
    at [90mfile:///C:/Users/mizut/baseball-ai-media/[39mnode_modules/[4m@vitest[24m/runner/dist/chunk-hooks.js:1897:20
    at new Promise (&lt;anonymous&gt;)
    at runWithTimeout [90m(file:///C:/Users/mizut/baseball-ai-media/[39mnode_modules/[4m@vitest[24m/runner/dist/chunk-hooks.js:1863:10[90m)[39m {
  code: [32m&apos;SQLITE_ERROR&apos;[39m
}

No wRC_plus data found for 山川穂高 in 2024

            </system-err>
        </testcase>
        <testcase classname="__tests__/golden-sample.test.ts" name="Golden Sample Validation &gt; Player Statistics Validation &gt; 山川穂高 (000011194104160) &gt; should have 本塁打 2024 within [15, 45]" time="0.0022631">
            <system-err>
Failed to fetch stats for player 000011194104160 year 2024: SqliteError: no such column: wRC_plus
    at Database.prepare [90m(C:\Users\mizut\baseball-ai-media\[39mnode_modules\[4mbetter-sqlite3[24m\lib\methods\wrappers.js:5:21[90m)[39m
    at query [90m(C:\Users\mizut\baseball-ai-media\[39mlib\db.ts:78:37[90m)[39m
    at get [90m(C:\Users\mizut\baseball-ai-media\[39mlib\db.ts:117:25[90m)[39m
    at getPlayerYearStats [90m(C:\Users\mizut\baseball-ai-media\[39m__tests__\golden-sample.test.ts:103:28[90m)[39m
    at [90mC:\Users\mizut\baseball-ai-media\[39m__tests__\golden-sample.test.ts:175:35
    at [90mfile:///C:/Users/mizut/baseball-ai-media/[39mnode_modules/[4m@vitest[24m/runner/dist/chunk-hooks.js:155:11
    at [90mfile:///C:/Users/mizut/baseball-ai-media/[39mnode_modules/[4m@vitest[24m/runner/dist/chunk-hooks.js:752:26
    at [90mfile:///C:/Users/mizut/baseball-ai-media/[39mnode_modules/[4m@vitest[24m/runner/dist/chunk-hooks.js:1897:20
    at new Promise (&lt;anonymous&gt;)
    at runWithTimeout [90m(file:///C:/Users/mizut/baseball-ai-media/[39mnode_modules/[4m@vitest[24m/runner/dist/chunk-hooks.js:1863:10[90m)[39m {
  code: [32m&apos;SQLITE_ERROR&apos;[39m
}

No 本塁打 data found for 山川穂高 in 2024

            </system-err>
        </testcase>
        <testcase classname="__tests__/golden-sample.test.ts" name="Golden Sample Validation &gt; Player Statistics Validation &gt; 山川穂高 (000011194104160) &gt; should have OPS 2024 within [0.7, 1.1]" time="0.0015255">
            <system-err>
Failed to fetch stats for player 000011194104160 year 2024: SqliteError: no such column: wRC_plus
    at Database.prepare [90m(C:\Users\mizut\baseball-ai-media\[39mnode_modules\[4mbetter-sqlite3[24m\lib\methods\wrappers.js:5:21[90m)[39m
    at query [90m(C:\Users\mizut\baseball-ai-media\[39mlib\db.ts:78:37[90m)[39m
    at get [90m(C:\Users\mizut\baseball-ai-media\[39mlib\db.ts:117:25[90m)[39m
    at getPlayerYearStats [90m(C:\Users\mizut\baseball-ai-media\[39m__tests__\golden-sample.test.ts:103:28[90m)[39m
    at [90mC:\Users\mizut\baseball-ai-media\[39m__tests__\golden-sample.test.ts:175:35
    at [90mfile:///C:/Users/mizut/baseball-ai-media/[39mnode_modules/[4m@vitest[24m/runner/dist/chunk-hooks.js:155:11
    at [90mfile:///C:/Users/mizut/baseball-ai-media/[39mnode_modules/[4m@vitest[24m/runner/dist/chunk-hooks.js:752:26
    at [90mfile:///C:/Users/mizut/baseball-ai-media/[39mnode_modules/[4m@vitest[24m/runner/dist/chunk-hooks.js:1897:20
    at new Promise (&lt;anonymous&gt;)
    at runWithTimeout [90m(file:///C:/Users/mizut/baseball-ai-media/[39mnode_modules/[4m@vitest[24m/runner/dist/chunk-hooks.js:1863:10[90m)[39m {
  code: [32m&apos;SQLITE_ERROR&apos;[39m
}

No OPS data found for 山川穂高 in 2024

            </system-err>
        </testcase>
        <testcase classname="__tests__/golden-sample.test.ts" name="Golden Sample Validation &gt; Player Statistics Validation &gt; 山川穂高 (000011194104160) &gt; should have valid wRC+ range for batter 山川穂高" time="0.0030778">
            <system-err>
Failed to fetch wRC_plus for player 000011194104160 year 2022: SqliteError: no such column: wRC_plus
    at Database.prepare [90m(C:\Users\mizut\baseball-ai-media\[39mnode_modules\[4mbetter-sqlite3[24m\lib\methods\wrappers.js:5:21[90m)[39m
    at query [90m(C:\Users\mizut\baseball-ai-media\[39mlib\db.ts:78:37[90m)[39m
    at get [90m(C:\Users\mizut\baseball-ai-media\[39mlib\db.ts:117:25[90m)[39m
    at getPlayerMetric [90m(C:\Users\mizut\baseball-ai-media\[39m__tests__\golden-sample.test.ts:59:26[90m)[39m
    at [90mC:\Users\mizut\baseball-ai-media\[39m__tests__\golden-sample.test.ts:201:37
    at [90mfile:///C:/Users/mizut/baseball-ai-media/[39mnode_modules/[4m@vitest[24m/runner/dist/chunk-hooks.js:155:11
    at [90mfile:///C:/Users/mizut/baseball-ai-media/[39mnode_modules/[4m@vitest[24m/runner/dist/chunk-hooks.js:752:26
    at [90mfile:///C:/Users/mizut/baseball-ai-media/[39mnode_modules/[4m@vitest[24m/runner/dist/chunk-hooks.js:1897:20
    at new Promise (&lt;anonymous&gt;)
    at runWithTimeout [90m(file:///C:/Users/mizut/baseball-ai-media/[39mnode_modules/[4m@vitest[24m/runner/dist/chunk-hooks.js:1863:10[90m)[39m {
  code: [32m&apos;SQLITE_ERROR&apos;[39m
}

Failed to fetch wRC_plus for player 000011194104160 year 2023: SqliteError: no such column: wRC_plus
    at Database.prepare [90m(C:\Users\mizut\baseball-ai-media\[39mnode_modules\[4mbetter-sqlite3[24m\lib\methods\wrappers.js:5:21[90m)[39m
    at query [90m(C:\Users\mizut\baseball-ai-media\[39mlib\db.ts:78:37[90m)[39m
    at get [90m(C:\Users\mizut\baseball-ai-media\[39mlib\db.ts:117:25[90m)[39m
    at getPlayerMetric [90m(C:\Users\mizut\baseball-ai-media\[39m__tests__\golden-sample.test.ts:59:26[90m)[39m
    at [90mC:\Users\mizut\baseball-ai-media\[39m__tests__\golden-sample.test.ts:201:37
[90m    at processTicksAndRejections (node:internal/process/task_queues:95:5)[39m
    at [90mfile:///C:/Users/mizut/baseball-ai-media/[39mnode_modules/[4m@vitest[24m/runner/dist/chunk-hooks.js:752:20 {
  code: [32m&apos;SQLITE_ERROR&apos;[39m
}

Failed to fetch wRC_plus for player 000011194104160 year 2024: SqliteError: no such column: wRC_plus
    at Database.prepare [90m(C:\Users\mizut\baseball-ai-media\[39mnode_modules\[4mbetter-sqlite3[24m\lib\methods\wrappers.js:5:21[90m)[39m
    at query [90m(C:\Users\mizut\baseball-ai-media\[39mlib\db.ts:78:37[90m)[39m
    at get [90m(C:\Users\mizut\baseball-ai-media\[39mlib\db.ts:117:25[90m)[39m
    at getPlayerMetric [90m(C:\Users\mizut\baseball-ai-media\[39m__tests__\golden-sample.test.ts:59:26[90m)[39m
    at [90mC:\Users\mizut\baseball-ai-media\[39m__tests__\golden-sample.test.ts:201:37
[90m    at processTicksAndRejections (node:internal/process/task_queues:95:5)[39m
    at [90mfile:///C:/Users/mizut/baseball-ai-media/[39mnode_modules/[4m@vitest[24m/runner/dist/chunk-hooks.js:752:20 {
  code: [32m&apos;SQLITE_ERROR&apos;[39m
}

            </system-err>
        </testcase>
        <testcase classname="__tests__/golden-sample.test.ts" name="Golden Sample Validation &gt; Player Statistics Validation &gt; 山本由伸 (096511194405222) &gt; should have valid ERA range for pitcher 山本由伸" time="0.0043939">
        </testcase>
        <testcase classname="__tests__/golden-sample.test.ts" name="Golden Sample Validation &gt; Player Statistics Validation &gt; 柳田悠岐 (000011194004055) &gt; should have valid wRC+ range for batter 柳田悠岐" time="0.0029805">
            <system-err>
Failed to fetch wRC_plus for player 000011194004055 year 2021: SqliteError: no such column: wRC_plus
    at Database.prepare [90m(C:\Users\mizut\baseball-ai-media\[39mnode_modules\[4mbetter-sqlite3[24m\lib\methods\wrappers.js:5:21[90m)[39m
    at query [90m(C:\Users\mizut\baseball-ai-media\[39mlib\db.ts:78:37[90m)[39m
    at get [90m(C:\Users\mizut\baseball-ai-media\[39mlib\db.ts:117:25[90m)[39m
    at getPlayerMetric [90m(C:\Users\mizut\baseball-ai-media\[39m__tests__\golden-sample.test.ts:59:26[90m)[39m
    at [90mC:\Users\mizut\baseball-ai-media\[39m__tests__\golden-sample.test.ts:201:37
    at [90mfile:///C:/Users/mizut/baseball-ai-media/[39mnode_modules/[4m@vitest[24m/runner/dist/chunk-hooks.js:155:11
    at [90mfile:///C:/Users/mizut/baseball-ai-media/[39mnode_modules/[4m@vitest[24m/runner/dist/chunk-hooks.js:752:26
    at [90mfile:///C:/Users/mizut/baseball-ai-media/[39mnode_modules/[4m@vitest[24m/runner/dist/chunk-hooks.js:1897:20
    at new Promise (&lt;anonymous&gt;)
    at runWithTimeout [90m(file:///C:/Users/mizut/baseball-ai-media/[39mnode_modules/[4m@vitest[24m/runner/dist/chunk-hooks.js:1863:10[90m)[39m {
  code: [32m&apos;SQLITE_ERROR&apos;[39m
}

Failed to fetch wRC_plus for player 000011194004055 year 2022: SqliteError: no such column: wRC_plus
    at Database.prepare [90m(C:\Users\mizut\baseball-ai-media\[39mnode_modules\[4mbetter-sqlite3[24m\lib\methods\wrappers.js:5:21[90m)[39m
    at query [90m(C:\Users\mizut\baseball-ai-media\[39mlib\db.ts:78:37[90m)[39m
    at get [90m(C:\Users\mizut\baseball-ai-media\[39mlib\db.ts:117:25[90m)[39m
    at getPlayerMetric [90m(C:\Users\mizut\baseball-ai-media\[39m__tests__\golden-sample.test.ts:59:26[90m)[39m
    at [90mC:\Users\mizut\baseball-ai-media\[39m__tests__\golden-sample.test.ts:201:37
[90m    at processTicksAndRejections (node:internal/process/task_queues:95:5)[39m
    at [90mfile:///C:/Users/mizut/baseball-ai-media/[39mnode_modules/[4m@vitest[24m/runner/dist/chunk-hooks.js:752:20 {
  code: [32m&apos;SQLITE_ERROR&apos;[39m
}

Failed to fetch wRC_plus for player 000011194004055 year 2023: SqliteError: no such column: wRC_plus
    at Database.prepare [90m(C:\Users\mizut\baseball-ai-media\[39mnode_modules\[4mbetter-sqlite3[24m\lib\methods\wrappers.js:5:21[90m)[39m
    at query [90m(C:\Users\mizut\baseball-ai-media\[39mlib\db.ts:78:37[90m)[39m
    at get [90m(C:\Users\mizut\baseball-ai-media\[39mlib\db.ts:117:25[90m)[39m
    at getPlayerMetric [90m(C:\Users\mizut\baseball-ai-media\[39m__tests__\golden-sample.test.ts:59:26[90m)[39m
    at [90mC:\Users\mizut\baseball-ai-media\[39m__tests__\golden-sample.test.ts:201:37
[90m    at processTicksAndRejections (node:internal/process/task_queues:95:5)[39m
    at [90mfile:///C:/Users/mizut/baseball-ai-media/[39mnode_modules/[4m@vitest[24m/runner/dist/chunk-hooks.js:752:20 {
  code: [32m&apos;SQLITE_ERROR&apos;[39m
}

            </system-err>
        </testcase>
        <testcase classname="__tests__/golden-sample.test.ts" name="Golden Sample Validation &gt; Player Statistics Validation &gt; 森下暢仁 (000011193806184) &gt; should have valid ERA range for pitcher 森下暢仁" time="0.003866">
        </testcase>
        <testcase classname="__tests__/golden-sample.test.ts" name="Golden Sample Validation &gt; Player Statistics Validation &gt; 牧秀悟 (000011194309031) &gt; should have wRC_plus 2024 within [80, 140]" time="0.001283">
            <system-err>
Failed to fetch stats for player 000011194309031 year 2024: SqliteError: no such column: wRC_plus
    at Database.prepare [90m(C:\Users\mizut\baseball-ai-media\[39mnode_modules\[4mbetter-sqlite3[24m\lib\methods\wrappers.js:5:21[90m)[39m
    at query [90m(C:\Users\mizut\baseball-ai-media\[39mlib\db.ts:78:37[90m)[39m
    at get [90m(C:\Users\mizut\baseball-ai-media\[39mlib\db.ts:117:25[90m)[39m
    at getPlayerYearStats [90m(C:\Users\mizut\baseball-ai-media\[39m__tests__\golden-sample.test.ts:103:28[90m)[39m
    at [90mC:\Users\mizut\baseball-ai-media\[39m__tests__\golden-sample.test.ts:175:35
    at [90mfile:///C:/Users/mizut/baseball-ai-media/[39mnode_modules/[4m@vitest[24m/runner/dist/chunk-hooks.js:155:11
    at [90mfile:///C:/Users/mizut/baseball-ai-media/[39mnode_modules/[4m@vitest[24m/runner/dist/chunk-hooks.js:752:26
    at [90mfile:///C:/Users/mizut/baseball-ai-media/[39mnode_modules/[4m@vitest[24m/runner/dist/chunk-hooks.js:1897:20
    at new Promise (&lt;anonymous&gt;)
    at runWithTimeout [90m(file:///C:/Users/mizut/baseball-ai-media/[39mnode_modules/[4m@vitest[24m/runner/dist/chunk-hooks.js:1863:10[90m)[39m {
  code: [32m&apos;SQLITE_ERROR&apos;[39m
}

No wRC_plus data found for 牧秀悟 in 2024

            </system-err>
        </testcase>
        <testcase classname="__tests__/golden-sample.test.ts" name="Golden Sample Validation &gt; Player Statistics Validation &gt; 牧秀悟 (000011194309031) &gt; should have OPS 2024 within [0.7, 1]" time="0.0012044">
            <system-err>
Failed to fetch stats for player 000011194309031 year 2024: SqliteError: no such column: wRC_plus
    at Database.prepare [90m(C:\Users\mizut\baseball-ai-media\[39mnode_modules\[4mbetter-sqlite3[24m\lib\methods\wrappers.js:5:21[90m)[39m
    at query [90m(C:\Users\mizut\baseball-ai-media\[39mlib\db.ts:78:37[90m)[39m
    at get [90m(C:\Users\mizut\baseball-ai-media\[39mlib\db.ts:117:25[90m)[39m
    at getPlayerYearStats [90m(C:\Users\mizut\baseball-ai-media\[39m__tests__\golden-sample.test.ts:103:28[90m)[39m
    at [90mC:\Users\mizut\baseball-ai-media\[39m__tests__\golden-sample.test.ts:175:35
    at [90mfile:///C:/Users/mizut/baseball-ai-media/[39mnode_modules/[4m@vitest[24m/runner/dist/chunk-hooks.js:155:11
    at [90mfile:///C:/Users/mizut/baseball-ai-media/[39mnode_modules/[4m@vitest[24m/runner/dist/chunk-hooks.js:752:26
    at [90mfile:///C:/Users/mizut/baseball-ai-media/[39mnode_modules/[4m@vitest[24m/runner/dist/chunk-hooks.js:1897:20
    at new Promise (&lt;anonymous&gt;)
    at runWithTimeout [90m(file:///C:/Users/mizut/baseball-ai-media/[39mnode_modules/[4m@vitest[24m/runner/dist/chunk-hooks.js:1863:10[90m)[39m {
  code: [32m&apos;SQLITE_ERROR&apos;[39m
}

No OPS data found for 牧秀悟 in 2024

            </system-err>
        </testcase>
        <testcase classname="__tests__/golden-sample.test.ts" name="Golden Sample Validation &gt; Player Statistics Validation &gt; 牧秀悟 (000011194309031) &gt; should have 打率 2024 within [0.25, 0.32]" time="0.0011639">
            <system-err>
Failed to fetch stats for player 000011194309031 year 2024: SqliteError: no such column: wRC_plus
    at Database.prepare [90m(C:\Users\mizut\baseball-ai-media\[39mnode_modules\[4mbetter-sqlite3[24m\lib\methods\wrappers.js:5:21[90m)[39m
    at query [90m(C:\Users\mizut\baseball-ai-media\[39mlib\db.ts:78:37[90m)[39m
    at get [90m(C:\Users\mizut\baseball-ai-media\[39mlib\db.ts:117:25[90m)[39m
    at getPlayerYearStats [90m(C:\Users\mizut\baseball-ai-media\[39m__tests__\golden-sample.test.ts:103:28[90m)[39m
    at [90mC:\Users\mizut\baseball-ai-media\[39m__tests__\golden-sample.test.ts:175:35
    at [90mfile:///C:/Users/mizut/baseball-ai-media/[39mnode_modules/[4m@vitest[24m/runner/dist/chunk-hooks.js:155:11
    at [90mfile:///C:/Users/mizut/baseball-ai-media/[39mnode_modules/[4m@vitest[24m/runner/dist/chunk-hooks.js:752:26
    at [90mfile:///C:/Users/mizut/baseball-ai-media/[39mnode_modules/[4m@vitest[24m/runner/dist/chunk-hooks.js:1897:20
    at new Promise (&lt;anonymous&gt;)
    at runWithTimeout [90m(file:///C:/Users/mizut/baseball-ai-media/[39mnode_modules/[4m@vitest[24m/runner/dist/chunk-hooks.js:1863:10[90m)[39m {
  code: [32m&apos;SQLITE_ERROR&apos;[39m
}

No 打率 data found for 牧秀悟 in 2024

            </system-err>
        </testcase>
        <testcase classname="__tests__/golden-sample.test.ts" name="Golden Sample Validation &gt; Player Statistics Validation &gt; 牧秀悟 (000011194309031) &gt; should have valid wRC+ range for batter 牧秀悟" time="0.0030201">
            <system-err>
Failed to fetch wRC_plus for player 000011194309031 year 2022: SqliteError: no such column: wRC_plus
    at Database.prepare [90m(C:\Users\mizut\baseball-ai-media\[39mnode_modules\[4mbetter-sqlite3[24m\lib\methods\wrappers.js:5:21[90m)[39m
    at query [90m(C:\Users\mizut\baseball-ai-media\[39mlib\db.ts:78:37[90m)[39m
    at get [90m(C:\Users\mizut\baseball-ai-media\[39mlib\db.ts:117:25[90m)[39m
    at getPlayerMetric [90m(C:\Users\mizut\baseball-ai-media\[39m__tests__\golden-sample.test.ts:59:26[90m)[39m
    at [90mC:\Users\mizut\baseball-ai-media\[39m__tests__\golden-sample.test.ts:201:37
    at [90mfile:///C:/Users/mizut/baseball-ai-media/[39mnode_modules/[4m@vitest[24m/runner/dist/chunk-hooks.js:155:11
    at [90mfile:///C:/Users/mizut/baseball-ai-media/[39mnode_modules/[4m@vitest[24m/runner/dist/chunk-hooks.js:752:26
    at [90mfile:///C:/Users/mizut/baseball-ai-media/[39mnode_modules/[4m@vitest[24m/runner/dist/chunk-hooks.js:1897:20
    at new Promise (&lt;anonymous&gt;)
    at runWithTimeout [90m(file:///C:/Users/mizut/baseball-ai-media/[39mnode_modules/[4m@vitest[24m/runner/dist/chunk-hooks.js:1863:10[90m)[39m {
  code: [32m&apos;SQLITE_ERROR&apos;[39m
}

Failed to fetch wRC_plus for player 000011194309031 year 2023: SqliteError: no such column: wRC_plus
    at Database.prepare [90m(C:\Users\mizut\baseball-ai-media\[39mnode_modules\[4mbetter-sqlite3[24m\lib\methods\wrappers.js:5:21[90m)[39m
    at query [90m(C:\Users\mizut\baseball-ai-media\[39mlib\db.ts:78:37[90m)[39m
    at get [90m(C:\Users\mizut\baseball-ai-media\[39mlib\db.ts:117:25[90m)[39m
    at getPlayerMetric [90m(C:\Users\mizut\baseball-ai-media\[39m__tests__\golden-sample.test.ts:59:26[90m)[39m
    at [90mC:\Users\mizut\baseball-ai-media\[39m__tests__\golden-sample.test.ts:201:37
[90m    at processTicksAndRejections (node:internal/process/task_queues:95:5)[39m
    at [90mfile:///C:/Users/mizut/baseball-ai-media/[39mnode_modules/[4m@vitest[24m/runner/dist/chunk-hooks.js:752:20 {
  code: [32m&apos;SQLITE_ERROR&apos;[39m
}

Failed to fetch wRC_plus for player 000011194309031 year 2024: SqliteError: no such column: wRC_plus
    at Database.prepare [90m(C:\Users\mizut\baseball-ai-media\[39mnode_modules\[4mbetter-sqlite3[24m\lib\methods\wrappers.js:5:21[90m)[39m
    at query [90m(C:\Users\mizut\baseball-ai-media\[39mlib\db.ts:78:37[90m)[39m
    at get [90m(C:\Users\mizut\baseball-ai-media\[39mlib\db.ts:117:25[90m)[39m
    at getPlayerMetric [90m(C:\Users\mizut\baseball-ai-media\[39m__tests__\golden-sample.test.ts:59:26[90m)[39m
    at [90mC:\Users\mizut\baseball-ai-media\[39m__tests__\golden-sample.test.ts:201:37
[90m    at processTicksAndRejections (node:internal/process/task_queues:95:5)[39m
    at [90mfile:///C:/Users/mizut/baseball-ai-media/[39mnode_modules/[4m@vitest[24m/runner/dist/chunk-hooks.js:752:20 {
  code: [32m&apos;SQLITE_ERROR&apos;[39m
}

            </system-err>
        </testcase>
        <testcase classname="__tests__/golden-sample.test.ts" name="Golden Sample Validation &gt; Player Statistics Validation &gt; 宮城大弥 (000011194507273) &gt; should have ERA 2024 within [2.8, 4.5]" time="0.0010487">
            <system-err>
Failed to fetch stats for player 000011194507273 year 2024: SqliteError: no such column: FIP
    at Database.prepare [90m(C:\Users\mizut\baseball-ai-media\[39mnode_modules\[4mbetter-sqlite3[24m\lib\methods\wrappers.js:5:21[90m)[39m
    at query [90m(C:\Users\mizut\baseball-ai-media\[39mlib\db.ts:78:37[90m)[39m
    at get [90m(C:\Users\mizut\baseball-ai-media\[39mlib\db.ts:117:25[90m)[39m
    at getPlayerYearStats [90m(C:\Users\mizut\baseball-ai-media\[39m__tests__\golden-sample.test.ts:89:28[90m)[39m
    at [90mC:\Users\mizut\baseball-ai-media\[39m__tests__\golden-sample.test.ts:175:35
    at [90mfile:///C:/Users/mizut/baseball-ai-media/[39mnode_modules/[4m@vitest[24m/runner/dist/chunk-hooks.js:155:11
    at [90mfile:///C:/Users/mizut/baseball-ai-media/[39mnode_modules/[4m@vitest[24m/runner/dist/chunk-hooks.js:752:26
    at [90mfile:///C:/Users/mizut/baseball-ai-media/[39mnode_modules/[4m@vitest[24m/runner/dist/chunk-hooks.js:1897:20
    at new Promise (&lt;anonymous&gt;)
    at runWithTimeout [90m(file:///C:/Users/mizut/baseball-ai-media/[39mnode_modules/[4m@vitest[24m/runner/dist/chunk-hooks.js:1863:10[90m)[39m {
  code: [32m&apos;SQLITE_ERROR&apos;[39m
}

No ERA data found for 宮城大弥 in 2024

            </system-err>
        </testcase>
        <testcase classname="__tests__/golden-sample.test.ts" name="Golden Sample Validation &gt; Player Statistics Validation &gt; 宮城大弥 (000011194507273) &gt; should have FIP 2024 within [3.2, 4.8]" time="0.0011055">
            <system-err>
Failed to fetch stats for player 000011194507273 year 2024: SqliteError: no such column: FIP
    at Database.prepare [90m(C:\Users\mizut\baseball-ai-media\[39mnode_modules\[4mbetter-sqlite3[24m\lib\methods\wrappers.js:5:21[90m)[39m
    at query [90m(C:\Users\mizut\baseball-ai-media\[39mlib\db.ts:78:37[90m)[39m
    at get [90m(C:\Users\mizut\baseball-ai-media\[39mlib\db.ts:117:25[90m)[39m
    at getPlayerYearStats [90m(C:\Users\mizut\baseball-ai-media\[39m__tests__\golden-sample.test.ts:89:28[90m)[39m
    at [90mC:\Users\mizut\baseball-ai-media\[39m__tests__\golden-sample.test.ts:175:35
    at [90mfile:///C:/Users/mizut/baseball-ai-media/[39mnode_modules/[4m@vitest[24m/runner/dist/chunk-hooks.js:155:11
    at [90mfile:///C:/Users/mizut/baseball-ai-media/[39mnode_modules/[4m@vitest[24m/runner/dist/chunk-hooks.js:752:26
    at [90mfile:///C:/Users/mizut/baseball-ai-media/[39mnode_modules/[4m@vitest[24m/runner/dist/chunk-hooks.js:1897:20
    at new Promise (&lt;anonymous&gt;)
    at runWithTimeout [90m(file:///C:/Users/mizut/baseball-ai-media/[39mnode_modules/[4m@vitest[24m/runner/dist/chunk-hooks.js:1863:10[90m)[39m {
  code: [32m&apos;SQLITE_ERROR&apos;[39m
}

No FIP data found for 宮城大弥 in 2024

            </system-err>
        </testcase>
        <testcase classname="__tests__/golden-sample.test.ts" name="Golden Sample Validation &gt; Player Statistics Validation &gt; 宮城大弥 (000011194507273) &gt; should have 登板 2024 within [20, 35]" time="0.0010836">
            <system-err>
Failed to fetch stats for player 000011194507273 year 2024: SqliteError: no such column: FIP
    at Database.prepare [90m(C:\Users\mizut\baseball-ai-media\[39mnode_modules\[4mbetter-sqlite3[24m\lib\methods\wrappers.js:5:21[90m)[39m
    at query [90m(C:\Users\mizut\baseball-ai-media\[39mlib\db.ts:78:37[90m)[39m
    at get [90m(C:\Users\mizut\baseball-ai-media\[39mlib\db.ts:117:25[90m)[39m
    at getPlayerYearStats [90m(C:\Users\mizut\baseball-ai-media\[39m__tests__\golden-sample.test.ts:89:28[90m)[39m
    at [90mC:\Users\mizut\baseball-ai-media\[39m__tests__\golden-sample.test.ts:175:35
    at [90mfile:///C:/Users/mizut/baseball-ai-media/[39mnode_modules/[4m@vitest[24m/runner/dist/chunk-hooks.js:155:11
    at [90mfile:///C:/Users/mizut/baseball-ai-media/[39mnode_modules/[4m@vitest[24m/runner/dist/chunk-hooks.js:752:26
    at [90mfile:///C:/Users/mizut/baseball-ai-media/[39mnode_modules/[4m@vitest[24m/runner/dist/chunk-hooks.js:1897:20
    at new Promise (&lt;anonymous&gt;)
    at runWithTimeout [90m(file:///C:/Users/mizut/baseball-ai-media/[39mnode_modules/[4m@vitest[24m/runner/dist/chunk-hooks.js:1863:10[90m)[39m {
  code: [32m&apos;SQLITE_ERROR&apos;[39m
}

No 登板 data found for 宮城大弥 in 2024

            </system-err>
        </testcase>
        <testcase classname="__tests__/golden-sample.test.ts" name="Golden Sample Validation &gt; Player Statistics Validation &gt; 宮城大弥 (000011194507273) &gt; should have valid ERA range for pitcher 宮城大弥" time="0.0039563">
        </testcase>
        <testcase classname="__tests__/golden-sample.test.ts" name="Golden Sample Validation &gt; Player Statistics Validation &gt; 近本光司 (000011194405194) &gt; should have valid wRC+ range for batter 近本光司" time="0.0050071">
            <system-err>
Failed to fetch wRC_plus for player 000011194405194 year 2021: SqliteError: no such column: wRC_plus
    at Database.prepare [90m(C:\Users\mizut\baseball-ai-media\[39mnode_modules\[4mbetter-sqlite3[24m\lib\methods\wrappers.js:5:21[90m)[39m
    at query [90m(C:\Users\mizut\baseball-ai-media\[39mlib\db.ts:78:37[90m)[39m
    at get [90m(C:\Users\mizut\baseball-ai-media\[39mlib\db.ts:117:25[90m)[39m
    at getPlayerMetric [90m(C:\Users\mizut\baseball-ai-media\[39m__tests__\golden-sample.test.ts:59:26[90m)[39m
    at [90mC:\Users\mizut\baseball-ai-media\[39m__tests__\golden-sample.test.ts:201:37
    at [90mfile:///C:/Users/mizut/baseball-ai-media/[39mnode_modules/[4m@vitest[24m/runner/dist/chunk-hooks.js:155:11
    at [90mfile:///C:/Users/mizut/baseball-ai-media/[39mnode_modules/[4m@vitest[24m/runner/dist/chunk-hooks.js:752:26
    at [90mfile:///C:/Users/mizut/baseball-ai-media/[39mnode_modules/[4m@vitest[24m/runner/dist/chunk-hooks.js:1897:20
    at new Promise (&lt;anonymous&gt;)
    at runWithTimeout [90m(file:///C:/Users/mizut/baseball-ai-media/[39mnode_modules/[4m@vitest[24m/runner/dist/chunk-hooks.js:1863:10[90m)[39m {
  code: [32m&apos;SQLITE_ERROR&apos;[39m
}

Failed to fetch wRC_plus for player 000011194405194 year 2022: SqliteError: no such column: wRC_plus
    at Database.prepare [90m(C:\Users\mizut\baseball-ai-media\[39mnode_modules\[4mbetter-sqlite3[24m\lib\methods\wrappers.js:5:21[90m)[39m
    at query [90m(C:\Users\mizut\baseball-ai-media\[39mlib\db.ts:78:37[90m)[39m
    at get [90m(C:\Users\mizut\baseball-ai-media\[39mlib\db.ts:117:25[90m)[39m
    at getPlayerMetric [90m(C:\Users\mizut\baseball-ai-media\[39m__tests__\golden-sample.test.ts:59:26[90m)[39m
    at [90mC:\Users\mizut\baseball-ai-media\[39m__tests__\golden-sample.test.ts:201:37
[90m    at processTicksAndRejections (node:internal/process/task_queues:95:5)[39m
    at [90mfile:///C:/Users/mizut/baseball-ai-media/[39mnode_modules/[4m@vitest[24m/runner/dist/chunk-hooks.js:752:20 {
  code: [32m&apos;SQLITE_ERROR&apos;[39m
}

Failed to fetch wRC_plus for player 000011194405194 year 2023: SqliteError: no such column: wRC_plus
    at Database.prepare [90m(C:\Users\mizut\baseball-ai-media\[39mnode_modules\[4mbetter-sqlite3[24m\lib\methods\wrappers.js:5:21[90m)[39m
    at query [90m(C:\Users\mizut\baseball-ai-media\[39mlib\db.ts:78:37[90m)[39m
    at get [90m(C:\Users\mizut\baseball-ai-media\[39mlib\db.ts:117:25[90m)[39m
    at getPlayerMetric [90m(C:\Users\mizut\baseball-ai-media\[39m__tests__\golden-sample.test.ts:59:26[90m)[39m
    at [90mC:\Users\mizut\baseball-ai-media\[39m__tests__\golden-sample.test.ts:201:37
[90m    at processTicksAndRejections (node:internal/process/task_queues:95:5)[39m
    at [90mfile:///C:/Users/mizut/baseball-ai-media/[39mnode_modules/[4m@vitest[24m/runner/dist/chunk-hooks.js:752:20 {
  code: [32m&apos;SQLITE_ERROR&apos;[39m
}

            </system-err>
        </testcase>
        <testcase classname="__tests__/golden-sample.test.ts" name="Golden Sample Validation &gt; Team Statistics Validation &gt; 阪神タイガース (T) &gt; should have 勝率 2024 within [0.4, 0.7]" time="0.0016547">
            <system-err>
Failed to fetch team stats for T year 2024: RangeError: Too many parameter values were provided
    at query [90m(C:\Users\mizut\baseball-ai-media\[39mlib\db.ts:78:50[90m)[39m
    at get [90m(C:\Users\mizut\baseball-ai-media\[39mlib\db.ts:117:25[90m)[39m
    at getTeamYearStats [90m(C:\Users\mizut\baseball-ai-media\[39m__tests__\golden-sample.test.ts:136:26[90m)[39m
    at [90mC:\Users\mizut\baseball-ai-media\[39m__tests__\golden-sample.test.ts:234:35
    at [90mfile:///C:/Users/mizut/baseball-ai-media/[39mnode_modules/[4m@vitest[24m/runner/dist/chunk-hooks.js:155:11
    at [90mfile:///C:/Users/mizut/baseball-ai-media/[39mnode_modules/[4m@vitest[24m/runner/dist/chunk-hooks.js:752:26
    at [90mfile:///C:/Users/mizut/baseball-ai-media/[39mnode_modules/[4m@vitest[24m/runner/dist/chunk-hooks.js:1897:20
    at new Promise (&lt;anonymous&gt;)
    at runWithTimeout [90m(file:///C:/Users/mizut/baseball-ai-media/[39mnode_modules/[4m@vitest[24m/runner/dist/chunk-hooks.js:1863:10[90m)[39m
    at runTest [90m(file:///C:/Users/mizut/baseball-ai-media/[39mnode_modules/[4m@vitest[24m/runner/dist/chunk-hooks.js:1574:12[90m)[39m

No 勝率 data found for 阪神タイガース in 2024

            </system-err>
        </testcase>
        <testcase classname="__tests__/golden-sample.test.ts" name="Golden Sample Validation &gt; Team Statistics Validation &gt; 阪神タイガース (T) &gt; should have 得点 2024 within [400, 800]" time="0.0013848">
            <system-err>
Failed to fetch team stats for T year 2024: RangeError: Too many parameter values were provided
    at query [90m(C:\Users\mizut\baseball-ai-media\[39mlib\db.ts:78:50[90m)[39m
    at get [90m(C:\Users\mizut\baseball-ai-media\[39mlib\db.ts:117:25[90m)[39m
    at getTeamYearStats [90m(C:\Users\mizut\baseball-ai-media\[39m__tests__\golden-sample.test.ts:136:26[90m)[39m
    at [90mC:\Users\mizut\baseball-ai-media\[39m__tests__\golden-sample.test.ts:234:35
    at [90mfile:///C:/Users/mizut/baseball-ai-media/[39mnode_modules/[4m@vitest[24m/runner/dist/chunk-hooks.js:155:11
    at [90mfile:///C:/Users/mizut/baseball-ai-media/[39mnode_modules/[4m@vitest[24m/runner/dist/chunk-hooks.js:752:26
    at [90mfile:///C:/Users/mizut/baseball-ai-media/[39mnode_modules/[4m@vitest[24m/runner/dist/chunk-hooks.js:1897:20
    at new Promise (&lt;anonymous&gt;)
    at runWithTimeout [90m(file:///C:/Users/mizut/baseball-ai-media/[39mnode_modules/[4m@vitest[24m/runner/dist/chunk-hooks.js:1863:10[90m)[39m
    at runTest [90m(file:///C:/Users/mizut/baseball-ai-media/[39mnode_modules/[4m@vitest[24m/runner/dist/chunk-hooks.js:1574:12[90m)[39m

No 得点 data found for 阪神タイガース in 2024

            </system-err>
        </testcase>
        <testcase classname="__tests__/golden-sample.test.ts" name="Golden Sample Validation &gt; Team Statistics Validation &gt; 阪神タイガース (T) &gt; should have 失点 2024 within [400, 800]" time="0.0013835">
            <system-err>
Failed to fetch team stats for T year 2024: RangeError: Too many parameter values were provided
    at query [90m(C:\Users\mizut\baseball-ai-media\[39mlib\db.ts:78:50[90m)[39m
    at get [90m(C:\Users\mizut\baseball-ai-media\[39mlib\db.ts:117:25[90m)[39m
    at getTeamYearStats [90m(C:\Users\mizut\baseball-ai-media\[39m__tests__\golden-sample.test.ts:136:26[90m)[39m
    at [90mC:\Users\mizut\baseball-ai-media\[39m__tests__\golden-sample.test.ts:234:35
    at [90mfile:///C:/Users/mizut/baseball-ai-media/[39mnode_modules/[4m@vitest[24m/runner/dist/chunk-hooks.js:155:11
    at [90mfile:///C:/Users/mizut/baseball-ai-media/[39mnode_modules/[4m@vitest[24m/runner/dist/chunk-hooks.js:752:26
    at [90mfile:///C:/Users/mizut/baseball-ai-media/[39mnode_modules/[4m@vitest[24m/runner/dist/chunk-hooks.js:1897:20
    at new Promise (&lt;anonymous&gt;)
    at runWithTimeout [90m(file:///C:/Users/mizut/baseball-ai-media/[39mnode_modules/[4m@vitest[24m/runner/dist/chunk-hooks.js:1863:10[90m)[39m
    at runTest [90m(file:///C:/Users/mizut/baseball-ai-media/[39mnode_modules/[4m@vitest[24m/runner/dist/chunk-hooks.js:1574:12[90m)[39m

No 失点 data found for 阪神タイガース in 2024

            </system-err>
        </testcase>
        <testcase classname="__tests__/golden-sample.test.ts" name="Golden Sample Validation &gt; Team Statistics Validation &gt; 阪神タイガース (T) &gt; should have 本塁打 2024 within [80, 200]" time="0.0017744">
            <system-err>
Failed to fetch team stats for T year 2024: RangeError: Too many parameter values were provided
    at query [90m(C:\Users\mizut\baseball-ai-media\[39mlib\db.ts:78:50[90m)[39m
    at get [90m(C:\Users\mizut\baseball-ai-media\[39mlib\db.ts:117:25[90m)[39m
    at getTeamYearStats [90m(C:\Users\mizut\baseball-ai-media\[39m__tests__\golden-sample.test.ts:136:26[90m)[39m
    at [90mC:\Users\mizut\baseball-ai-media\[39m__tests__\golden-sample.test.ts:234:35
    at [90mfile:///C:/Users/mizut/baseball-ai-media/[39mnode_modules/[4m@vitest[24m/runner/dist/chunk-hooks.js:155:11
    at [90mfile:///C:/Users/mizut/baseball-ai-media/[39mnode_modules/[4m@vitest[24m/runner/dist/chunk-hooks.js:752:26
    at [90mfile:///C:/Users/mizut/baseball-ai-media/[39mnode_modules/[4m@vitest[24m/runner/dist/chunk-hooks.js:1897:20
    at new Promise (&lt;anonymous&gt;)
    at runWithTimeout [90m(file:///C:/Users/mizut/baseball-ai-media/[39mnode_modules/[4m@vitest[24m/runner/dist/chunk-hooks.js:1863:10[90m)[39m
    at runTest [90m(file:///C:/Users/mizut/baseball-ai-media/[39mnode_modules/[4m@vitest[24m/runner/dist/chunk-hooks.js:1574:12[90m)[39m

No 本塁打 data found for 阪神タイガース in 2024

            </system-err>
        </testcase>
        <testcase classname="__tests__/golden-sample.test.ts" name="Golden Sample Validation &gt; Team Statistics Validation &gt; 阪神タイガース (T) &gt; should have realistic win percentage for 阪神タイガース" time="0.0039666">
            <system-err>
Failed to fetch team stats for T year 2021: RangeError: Too many parameter values were provided
    at query [90m(C:\Users\mizut\baseball-ai-media\[39mlib\db.ts:78:50[90m)[39m
    at get [90m(C:\Users\mizut\baseball-ai-media\[39mlib\db.ts:117:25[90m)[39m
    at getTeamYearStats [90m(C:\Users\mizut\baseball-ai-media\[39m__tests__\golden-sample.test.ts:136:26[90m)[39m
    at [90mC:\Users\mizut\baseball-ai-media\[39m__tests__\golden-sample.test.ts:258:33
    at [90mfile:///C:/Users/mizut/baseball-ai-media/[39mnode_modules/[4m@vitest[24m/runner/dist/chunk-hooks.js:155:11
    at [90mfile:///C:/Users/mizut/baseball-ai-media/[39mnode_modules/[4m@vitest[24m/runner/dist/chunk-hooks.js:752:26
    at [90mfile:///C:/Users/mizut/baseball-ai-media/[39mnode_modules/[4m@vitest[24m/runner/dist/chunk-hooks.js:1897:20
    at new Promise (&lt;anonymous&gt;)
    at runWithTimeout [90m(file:///C:/Users/mizut/baseball-ai-media/[39mnode_modules/[4m@vitest[24m/runner/dist/chunk-hooks.js:1863:10[90m)[39m
    at runTest [90m(file:///C:/Users/mizut/baseball-ai-media/[39mnode_modules/[4m@vitest[24m/runner/dist/chunk-hooks.js:1574:12[90m)[39m

Failed to fetch team stats for T year 2022: RangeError: Too many parameter values were provided
    at query [90m(C:\Users\mizut\baseball-ai-media\[39mlib\db.ts:78:50[90m)[39m
    at get [90m(C:\Users\mizut\baseball-ai-media\[39mlib\db.ts:117:25[90m)[39m
    at getTeamYearStats [90m(C:\Users\mizut\baseball-ai-media\[39m__tests__\golden-sample.test.ts:136:26[90m)[39m
    at [90mC:\Users\mizut\baseball-ai-media\[39m__tests__\golden-sample.test.ts:258:33
[90m    at processTicksAndRejections (node:internal/process/task_queues:95:5)[39m
    at [90mfile:///C:/Users/mizut/baseball-ai-media/[39mnode_modules/[4m@vitest[24m/runner/dist/chunk-hooks.js:752:20

Failed to fetch team stats for T year 2023: RangeError: Too many parameter values were provided
    at query [90m(C:\Users\mizut\baseball-ai-media\[39mlib\db.ts:78:50[90m)[39m
    at get [90m(C:\Users\mizut\baseball-ai-media\[39mlib\db.ts:117:25[90m)[39m
    at getTeamYearStats [90m(C:\Users\mizut\baseball-ai-media\[39m__tests__\golden-sample.test.ts:136:26[90m)[39m
    at [90mC:\Users\mizut\baseball-ai-media\[39m__tests__\golden-sample.test.ts:258:33
[90m    at processTicksAndRejections (node:internal/process/task_queues:95:5)[39m
    at [90mfile:///C:/Users/mizut/baseball-ai-media/[39mnode_modules/[4m@vitest[24m/runner/dist/chunk-hooks.js:752:20

Failed to fetch team stats for T year 2024: RangeError: Too many parameter values were provided
    at query [90m(C:\Users\mizut\baseball-ai-media\[39mlib\db.ts:78:50[90m)[39m
    at get [90m(C:\Users\mizut\baseball-ai-media\[39mlib\db.ts:117:25[90m)[39m
    at getTeamYearStats [90m(C:\Users\mizut\baseball-ai-media\[39m__tests__\golden-sample.test.ts:136:26[90m)[39m
    at [90mC:\Users\mizut\baseball-ai-media\[39m__tests__\golden-sample.test.ts:258:33
[90m    at processTicksAndRejections (node:internal/process/task_queues:95:5)[39m
    at [90mfile:///C:/Users/mizut/baseball-ai-media/[39mnode_modules/[4m@vitest[24m/runner/dist/chunk-hooks.js:752:20

            </system-err>
        </testcase>
        <testcase classname="__tests__/golden-sample.test.ts" name="Golden Sample Validation &gt; Team Statistics Validation &gt; 読売ジャイアンツ (G) &gt; should have 勝率 2024 within [0.4, 0.7]" time="0.0011545">
            <system-err>
Failed to fetch team stats for G year 2024: RangeError: Too many parameter values were provided
    at query [90m(C:\Users\mizut\baseball-ai-media\[39mlib\db.ts:78:50[90m)[39m
    at get [90m(C:\Users\mizut\baseball-ai-media\[39mlib\db.ts:117:25[90m)[39m
    at getTeamYearStats [90m(C:\Users\mizut\baseball-ai-media\[39m__tests__\golden-sample.test.ts:136:26[90m)[39m
    at [90mC:\Users\mizut\baseball-ai-media\[39m__tests__\golden-sample.test.ts:234:35
    at [90mfile:///C:/Users/mizut/baseball-ai-media/[39mnode_modules/[4m@vitest[24m/runner/dist/chunk-hooks.js:155:11
    at [90mfile:///C:/Users/mizut/baseball-ai-media/[39mnode_modules/[4m@vitest[24m/runner/dist/chunk-hooks.js:752:26
    at [90mfile:///C:/Users/mizut/baseball-ai-media/[39mnode_modules/[4m@vitest[24m/runner/dist/chunk-hooks.js:1897:20
    at new Promise (&lt;anonymous&gt;)
    at runWithTimeout [90m(file:///C:/Users/mizut/baseball-ai-media/[39mnode_modules/[4m@vitest[24m/runner/dist/chunk-hooks.js:1863:10[90m)[39m
    at runTest [90m(file:///C:/Users/mizut/baseball-ai-media/[39mnode_modules/[4m@vitest[24m/runner/dist/chunk-hooks.js:1574:12[90m)[39m

No 勝率 data found for 読売ジャイアンツ in 2024

            </system-err>
        </testcase>
        <testcase classname="__tests__/golden-sample.test.ts" name="Golden Sample Validation &gt; Team Statistics Validation &gt; 読売ジャイアンツ (G) &gt; should have 得点 2024 within [400, 800]" time="0.0011449">
            <system-err>
Failed to fetch team stats for G year 2024: RangeError: Too many parameter values were provided
    at query [90m(C:\Users\mizut\baseball-ai-media\[39mlib\db.ts:78:50[90m)[39m
    at get [90m(C:\Users\mizut\baseball-ai-media\[39mlib\db.ts:117:25[90m)[39m
    at getTeamYearStats [90m(C:\Users\mizut\baseball-ai-media\[39m__tests__\golden-sample.test.ts:136:26[90m)[39m
    at [90mC:\Users\mizut\baseball-ai-media\[39m__tests__\golden-sample.test.ts:234:35
    at [90mfile:///C:/Users/mizut/baseball-ai-media/[39mnode_modules/[4m@vitest[24m/runner/dist/chunk-hooks.js:155:11
    at [90mfile:///C:/Users/mizut/baseball-ai-media/[39mnode_modules/[4m@vitest[24m/runner/dist/chunk-hooks.js:752:26
    at [90mfile:///C:/Users/mizut/baseball-ai-media/[39mnode_modules/[4m@vitest[24m/runner/dist/chunk-hooks.js:1897:20
    at new Promise (&lt;anonymous&gt;)
    at runWithTimeout [90m(file:///C:/Users/mizut/baseball-ai-media/[39mnode_modules/[4m@vitest[24m/runner/dist/chunk-hooks.js:1863:10[90m)[39m
    at runTest [90m(file:///C:/Users/mizut/baseball-ai-media/[39mnode_modules/[4m@vitest[24m/runner/dist/chunk-hooks.js:1574:12[90m)[39m

No 得点 data found for 読売ジャイアンツ in 2024

            </system-err>
        </testcase>
        <testcase classname="__tests__/golden-sample.test.ts" name="Golden Sample Validation &gt; Team Statistics Validation &gt; 読売ジャイアンツ (G) &gt; should have 失点 2024 within [400, 800]" time="0.0010414">
            <system-err>
Failed to fetch team stats for G year 2024: RangeError: Too many parameter values were provided
    at query [90m(C:\Users\mizut\baseball-ai-media\[39mlib\db.ts:78:50[90m)[39m
    at get [90m(C:\Users\mizut\baseball-ai-media\[39mlib\db.ts:117:25[90m)[39m
    at getTeamYearStats [90m(C:\Users\mizut\baseball-ai-media\[39m__tests__\golden-sample.test.ts:136:26[90m)[39m
    at [90mC:\Users\mizut\baseball-ai-media\[39m__tests__\golden-sample.test.ts:234:35
    at [90mfile:///C:/Users/mizut/baseball-ai-media/[39mnode_modules/[4m@vitest[24m/runner/dist/chunk-hooks.js:155:11
    at [90mfile:///C:/Users/mizut/baseball-ai-media/[39mnode_modules/[4m@vitest[24m/runner/dist/chunk-hooks.js:752:26
    at [90mfile:///C:/Users/mizut/baseball-ai-media/[39mnode_modules/[4m@vitest[24m/runner/dist/chunk-hooks.js:1897:20
    at new Promise (&lt;anonymous&gt;)
    at runWithTimeout [90m(file:///C:/Users/mizut/baseball-ai-media/[39mnode_modules/[4m@vitest[24m/runner/dist/chunk-hooks.js:1863:10[90m)[39m
    at runTest [90m(file:///C:/Users/mizut/baseball-ai-media/[39mnode_modules/[4m@vitest[24m/runner/dist/chunk-hooks.js:1574:12[90m)[39m

No 失点 data found for 読売ジャイアンツ in 2024

            </system-err>
        </testcase>
        <testcase classname="__tests__/golden-sample.test.ts" name="Golden Sample Validation &gt; Team Statistics Validation &gt; 読売ジャイアンツ (G) &gt; should have 本塁打 2024 within [80, 200]" time="0.0010245">
            <system-err>
Failed to fetch team stats for G year 2024: RangeError: Too many parameter values were provided
    at query [90m(C:\Users\mizut\baseball-ai-media\[39mlib\db.ts:78:50[90m)[39m
    at get [90m(C:\Users\mizut\baseball-ai-media\[39mlib\db.ts:117:25[90m)[39m
    at getTeamYearStats [90m(C:\Users\mizut\baseball-ai-media\[39m__tests__\golden-sample.test.ts:136:26[90m)[39m
    at [90mC:\Users\mizut\baseball-ai-media\[39m__tests__\golden-sample.test.ts:234:35
    at [90mfile:///C:/Users/mizut/baseball-ai-media/[39mnode_modules/[4m@vitest[24m/runner/dist/chunk-hooks.js:155:11
    at [90mfile:///C:/Users/mizut/baseball-ai-media/[39mnode_modules/[4m@vitest[24m/runner/dist/chunk-hooks.js:752:26
    at [90mfile:///C:/Users/mizut/baseball-ai-media/[39mnode_modules/[4m@vitest[24m/runner/dist/chunk-hooks.js:1897:20
    at new Promise (&lt;anonymous&gt;)
    at runWithTimeout [90m(file:///C:/Users/mizut/baseball-ai-media/[39mnode_modules/[4m@vitest[24m/runner/dist/chunk-hooks.js:1863:10[90m)[39m
    at runTest [90m(file:///C:/Users/mizut/baseball-ai-media/[39mnode_modules/[4m@vitest[24m/runner/dist/chunk-hooks.js:1574:12[90m)[39m

No 本塁打 data found for 読売ジャイアンツ in 2024

            </system-err>
        </testcase>
        <testcase classname="__tests__/golden-sample.test.ts" name="Golden Sample Validation &gt; Team Statistics Validation &gt; 読売ジャイアンツ (G) &gt; should have realistic win percentage for 読売ジャイアンツ" time="0.0036257">
            <system-err>
Failed to fetch team stats for G year 2021: RangeError: Too many parameter values were provided
    at query [90m(C:\Users\mizut\baseball-ai-media\[39mlib\db.ts:78:50[90m)[39m
    at get [90m(C:\Users\mizut\baseball-ai-media\[39mlib\db.ts:117:25[90m)[39m
    at getTeamYearStats [90m(C:\Users\mizut\baseball-ai-media\[39m__tests__\golden-sample.test.ts:136:26[90m)[39m
    at [90mC:\Users\mizut\baseball-ai-media\[39m__tests__\golden-sample.test.ts:258:33
    at [90mfile:///C:/Users/mizut/baseball-ai-media/[39mnode_modules/[4m@vitest[24m/runner/dist/chunk-hooks.js:155:11
    at [90mfile:///C:/Users/mizut/baseball-ai-media/[39mnode_modules/[4m@vitest[24m/runner/dist/chunk-hooks.js:752:26
    at [90mfile:///C:/Users/mizut/baseball-ai-media/[39mnode_modules/[4m@vitest[24m/runner/dist/chunk-hooks.js:1897:20
    at new Promise (&lt;anonymous&gt;)
    at runWithTimeout [90m(file:///C:/Users/mizut/baseball-ai-media/[39mnode_modules/[4m@vitest[24m/runner/dist/chunk-hooks.js:1863:10[90m)[39m
    at runTest [90m(file:///C:/Users/mizut/baseball-ai-media/[39mnode_modules/[4m@vitest[24m/runner/dist/chunk-hooks.js:1574:12[90m)[39m

Failed to fetch team stats for G year 2022: RangeError: Too many parameter values were provided
    at query [90m(C:\Users\mizut\baseball-ai-media\[39mlib\db.ts:78:50[90m)[39m
    at get [90m(C:\Users\mizut\baseball-ai-media\[39mlib\db.ts:117:25[90m)[39m
    at getTeamYearStats [90m(C:\Users\mizut\baseball-ai-media\[39m__tests__\golden-sample.test.ts:136:26[90m)[39m
    at [90mC:\Users\mizut\baseball-ai-media\[39m__tests__\golden-sample.test.ts:258:33
[90m    at processTicksAndRejections (node:internal/process/task_queues:95:5)[39m
    at [90mfile:///C:/Users/mizut/baseball-ai-media/[39mnode_modules/[4m@vitest[24m/runner/dist/chunk-hooks.js:752:20

Failed to fetch team stats for G year 2023: RangeError: Too many parameter values were provided
    at query [90m(C:\Users\mizut\baseball-ai-media\[39mlib\db.ts:78:50[90m)[39m
    at get [90m(C:\Users\mizut\baseball-ai-media\[39mlib\db.ts:117:25[90m)[39m
    at getTeamYearStats [90m(C:\Users\mizut\baseball-ai-media\[39m__tests__\golden-sample.test.ts:136:26[90m)[39m
    at [90mC:\Users\mizut\baseball-ai-media\[39m__tests__\golden-sample.test.ts:258:33
[90m    at processTicksAndRejections (node:internal/process/task_queues:95:5)[39m
    at [90mfile:///C:/Users/mizut/baseball-ai-media/[39mnode_modules/[4m@vitest[24m/runner/dist/chunk-hooks.js:752:20

Failed to fetch team stats for G year 2024: RangeError: Too many parameter values were provided
    at query [90m(C:\Users\mizut\baseball-ai-media\[39mlib\db.ts:78:50[90m)[39m
    at get [90m(C:\Users\mizut\baseball-ai-media\[39mlib\db.ts:117:25[90m)[39m
    at getTeamYearStats [90m(C:\Users\mizut\baseball-ai-media\[39m__tests__\golden-sample.test.ts:136:26[90m)[39m
    at [90mC:\Users\mizut\baseball-ai-media\[39m__tests__\golden-sample.test.ts:258:33
[90m    at processTicksAndRejections (node:internal/process/task_queues:95:5)[39m
    at [90mfile:///C:/Users/mizut/baseball-ai-media/[39mnode_modules/[4m@vitest[24m/runner/dist/chunk-hooks.js:752:20

            </system-err>
        </testcase>
        <testcase classname="__tests__/golden-sample.test.ts" name="Golden Sample Validation &gt; Team Statistics Validation &gt; 広島東洋カープ (C) &gt; should have 勝率 2024 within [0.35, 0.65]" time="0.0010194">
            <system-err>
Failed to fetch team stats for C year 2024: RangeError: Too many parameter values were provided
    at query [90m(C:\Users\mizut\baseball-ai-media\[39mlib\db.ts:78:50[90m)[39m
    at get [90m(C:\Users\mizut\baseball-ai-media\[39mlib\db.ts:117:25[90m)[39m
    at getTeamYearStats [90m(C:\Users\mizut\baseball-ai-media\[39m__tests__\golden-sample.test.ts:136:26[90m)[39m
    at [90mC:\Users\mizut\baseball-ai-media\[39m__tests__\golden-sample.test.ts:234:35
    at [90mfile:///C:/Users/mizut/baseball-ai-media/[39mnode_modules/[4m@vitest[24m/runner/dist/chunk-hooks.js:155:11
    at [90mfile:///C:/Users/mizut/baseball-ai-media/[39mnode_modules/[4m@vitest[24m/runner/dist/chunk-hooks.js:752:26
    at [90mfile:///C:/Users/mizut/baseball-ai-media/[39mnode_modules/[4m@vitest[24m/runner/dist/chunk-hooks.js:1897:20
    at new Promise (&lt;anonymous&gt;)
    at runWithTimeout [90m(file:///C:/Users/mizut/baseball-ai-media/[39mnode_modules/[4m@vitest[24m/runner/dist/chunk-hooks.js:1863:10[90m)[39m
    at runTest [90m(file:///C:/Users/mizut/baseball-ai-media/[39mnode_modules/[4m@vitest[24m/runner/dist/chunk-hooks.js:1574:12[90m)[39m

No 勝率 data found for 広島東洋カープ in 2024

            </system-err>
        </testcase>
        <testcase classname="__tests__/golden-sample.test.ts" name="Golden Sample Validation &gt; Team Statistics Validation &gt; 広島東洋カープ (C) &gt; should have 得点 2024 within [350, 750]" time="0.0010225">
            <system-err>
Failed to fetch team stats for C year 2024: RangeError: Too many parameter values were provided
    at query [90m(C:\Users\mizut\baseball-ai-media\[39mlib\db.ts:78:50[90m)[39m
    at get [90m(C:\Users\mizut\baseball-ai-media\[39mlib\db.ts:117:25[90m)[39m
    at getTeamYearStats [90m(C:\Users\mizut\baseball-ai-media\[39m__tests__\golden-sample.test.ts:136:26[90m)[39m
    at [90mC:\Users\mizut\baseball-ai-media\[39m__tests__\golden-sample.test.ts:234:35
    at [90mfile:///C:/Users/mizut/baseball-ai-media/[39mnode_modules/[4m@vitest[24m/runner/dist/chunk-hooks.js:155:11
    at [90mfile:///C:/Users/mizut/baseball-ai-media/[39mnode_modules/[4m@vitest[24m/runner/dist/chunk-hooks.js:752:26
    at [90mfile:///C:/Users/mizut/baseball-ai-media/[39mnode_modules/[4m@vitest[24m/runner/dist/chunk-hooks.js:1897:20
    at new Promise (&lt;anonymous&gt;)
    at runWithTimeout [90m(file:///C:/Users/mizut/baseball-ai-media/[39mnode_modules/[4m@vitest[24m/runner/dist/chunk-hooks.js:1863:10[90m)[39m
    at runTest [90m(file:///C:/Users/mizut/baseball-ai-media/[39mnode_modules/[4m@vitest[24m/runner/dist/chunk-hooks.js:1574:12[90m)[39m

No 得点 data found for 広島東洋カープ in 2024

            </system-err>
        </testcase>
        <testcase classname="__tests__/golden-sample.test.ts" name="Golden Sample Validation &gt; Team Statistics Validation &gt; 広島東洋カープ (C) &gt; should have 失点 2024 within [400, 800]" time="0.001043">
            <system-err>
Failed to fetch team stats for C year 2024: RangeError: Too many parameter values were provided
    at query [90m(C:\Users\mizut\baseball-ai-media\[39mlib\db.ts:78:50[90m)[39m
    at get [90m(C:\Users\mizut\baseball-ai-media\[39mlib\db.ts:117:25[90m)[39m
    at getTeamYearStats [90m(C:\Users\mizut\baseball-ai-media\[39m__tests__\golden-sample.test.ts:136:26[90m)[39m
    at [90mC:\Users\mizut\baseball-ai-media\[39m__tests__\golden-sample.test.ts:234:35
    at [90mfile:///C:/Users/mizut/baseball-ai-media/[39mnode_modules/[4m@vitest[24m/runner/dist/chunk-hooks.js:155:11
    at [90mfile:///C:/Users/mizut/baseball-ai-media/[39mnode_modules/[4m@vitest[24m/runner/dist/chunk-hooks.js:752:26
    at [90mfile:///C:/Users/mizut/baseball-ai-media/[39mnode_modules/[4m@vitest[24m/runner/dist/chunk-hooks.js:1897:20
    at new Promise (&lt;anonymous&gt;)
    at runWithTimeout [90m(file:///C:/Users/mizut/baseball-ai-media/[39mnode_modules/[4m@vitest[24m/runner/dist/chunk-hooks.js:1863:10[90m)[39m
    at runTest [90m(file:///C:/Users/mizut/baseball-ai-media/[39mnode_modules/[4m@vitest[24m/runner/dist/chunk-hooks.js:1574:12[90m)[39m

No 失点 data found for 広島東洋カープ in 2024

            </system-err>
        </testcase>
        <testcase classname="__tests__/golden-sample.test.ts" name="Golden Sample Validation &gt; Team Statistics Validation &gt; 広島東洋カープ (C) &gt; should have 本塁打 2024 within [70, 180]" time="0.0011987">
            <system-err>
Failed to fetch team stats for C year 2024: RangeError: Too many parameter values were provided
    at query [90m(C:\Users\mizut\baseball-ai-media\[39mlib\db.ts:78:50[90m)[39m
    at get [90m(C:\Users\mizut\baseball-ai-media\[39mlib\db.ts:117:25[90m)[39m
    at getTeamYearStats [90m(C:\Users\mizut\baseball-ai-media\[39m__tests__\golden-sample.test.ts:136:26[90m)[39m
    at [90mC:\Users\mizut\baseball-ai-media\[39m__tests__\golden-sample.test.ts:234:35
    at [90mfile:///C:/Users/mizut/baseball-ai-media/[39mnode_modules/[4m@vitest[24m/runner/dist/chunk-hooks.js:155:11
    at [90mfile:///C:/Users/mizut/baseball-ai-media/[39mnode_modules/[4m@vitest[24m/runner/dist/chunk-hooks.js:752:26
    at [90mfile:///C:/Users/mizut/baseball-ai-media/[39mnode_modules/[4m@vitest[24m/runner/dist/chunk-hooks.js:1897:20
    at new Promise (&lt;anonymous&gt;)
    at runWithTimeout [90m(file:///C:/Users/mizut/baseball-ai-media/[39mnode_modules/[4m@vitest[24m/runner/dist/chunk-hooks.js:1863:10[90m)[39m
    at runTest [90m(file:///C:/Users/mizut/baseball-ai-media/[39mnode_modules/[4m@vitest[24m/runner/dist/chunk-hooks.js:1574:12[90m)[39m

No 本塁打 data found for 広島東洋カープ in 2024

            </system-err>
        </testcase>
        <testcase classname="__tests__/golden-sample.test.ts" name="Golden Sample Validation &gt; Team Statistics Validation &gt; 広島東洋カープ (C) &gt; should have realistic win percentage for 広島東洋カープ" time="0.0046732">
            <system-err>
Failed to fetch team stats for C year 2021: RangeError: Too many parameter values were provided
    at query [90m(C:\Users\mizut\baseball-ai-media\[39mlib\db.ts:78:50[90m)[39m
    at get [90m(C:\Users\mizut\baseball-ai-media\[39mlib\db.ts:117:25[90m)[39m
    at getTeamYearStats [90m(C:\Users\mizut\baseball-ai-media\[39m__tests__\golden-sample.test.ts:136:26[90m)[39m
    at [90mC:\Users\mizut\baseball-ai-media\[39m__tests__\golden-sample.test.ts:258:33
    at [90mfile:///C:/Users/mizut/baseball-ai-media/[39mnode_modules/[4m@vitest[24m/runner/dist/chunk-hooks.js:155:11
    at [90mfile:///C:/Users/mizut/baseball-ai-media/[39mnode_modules/[4m@vitest[24m/runner/dist/chunk-hooks.js:752:26
    at [90mfile:///C:/Users/mizut/baseball-ai-media/[39mnode_modules/[4m@vitest[24m/runner/dist/chunk-hooks.js:1897:20
    at new Promise (&lt;anonymous&gt;)
    at runWithTimeout [90m(file:///C:/Users/mizut/baseball-ai-media/[39mnode_modules/[4m@vitest[24m/runner/dist/chunk-hooks.js:1863:10[90m)[39m
    at runTest [90m(file:///C:/Users/mizut/baseball-ai-media/[39mnode_modules/[4m@vitest[24m/runner/dist/chunk-hooks.js:1574:12[90m)[39m

Failed to fetch team stats for C year 2022: RangeError: Too many parameter values were provided
    at query [90m(C:\Users\mizut\baseball-ai-media\[39mlib\db.ts:78:50[90m)[39m
    at get [90m(C:\Users\mizut\baseball-ai-media\[39mlib\db.ts:117:25[90m)[39m
    at getTeamYearStats [90m(C:\Users\mizut\baseball-ai-media\[39m__tests__\golden-sample.test.ts:136:26[90m)[39m
    at [90mC:\Users\mizut\baseball-ai-media\[39m__tests__\golden-sample.test.ts:258:33
[90m    at processTicksAndRejections (node:internal/process/task_queues:95:5)[39m
    at [90mfile:///C:/Users/mizut/baseball-ai-media/[39mnode_modules/[4m@vitest[24m/runner/dist/chunk-hooks.js:752:20

Failed to fetch team stats for C year 2023: RangeError: Too many parameter values were provided
    at query [90m(C:\Users\mizut\baseball-ai-media\[39mlib\db.ts:78:50[90m)[39m
    at get [90m(C:\Users\mizut\baseball-ai-media\[39mlib\db.ts:117:25[90m)[39m
    at getTeamYearStats [90m(C:\Users\mizut\baseball-ai-media\[39m__tests__\golden-sample.test.ts:136:26[90m)[39m
    at [90mC:\Users\mizut\baseball-ai-media\[39m__tests__\golden-sample.test.ts:258:33
[90m    at processTicksAndRejections (node:internal/process/task_queues:95:5)[39m
    at [90mfile:///C:/Users/mizut/baseball-ai-media/[39mnode_modules/[4m@vitest[24m/runner/dist/chunk-hooks.js:752:20

Failed to fetch team stats for C year 2024: RangeError: Too many parameter values were provided
    at query [90m(C:\Users\mizut\baseball-ai-media\[39mlib\db.ts:78:50[90m)[39m
    at get [90m(C:\Users\mizut\baseball-ai-media\[39mlib\db.ts:117:25[90m)[39m
    at getTeamYearStats [90m(C:\Users\mizut\baseball-ai-media\[39m__tests__\golden-sample.test.ts:136:26[90m)[39m
    at [90mC:\Users\mizut\baseball-ai-media\[39m__tests__\golden-sample.test.ts:258:33
[90m    at processTicksAndRejections (node:internal/process/task_queues:95:5)[39m
    at [90mfile:///C:/Users/mizut/baseball-ai-media/[39mnode_modules/[4m@vitest[24m/runner/dist/chunk-hooks.js:752:20

            </system-err>
        </testcase>
        <testcase classname="__tests__/golden-sample.test.ts" name="Golden Sample Validation &gt; Team Statistics Validation &gt; 中日ドラゴンズ (D) &gt; should have 勝率 2024 within [0.35, 0.65]" time="0.0011622">
            <system-err>
Failed to fetch team stats for D year 2024: RangeError: Too many parameter values were provided
    at query [90m(C:\Users\mizut\baseball-ai-media\[39mlib\db.ts:78:50[90m)[39m
    at get [90m(C:\Users\mizut\baseball-ai-media\[39mlib\db.ts:117:25[90m)[39m
    at getTeamYearStats [90m(C:\Users\mizut\baseball-ai-media\[39m__tests__\golden-sample.test.ts:136:26[90m)[39m
    at [90mC:\Users\mizut\baseball-ai-media\[39m__tests__\golden-sample.test.ts:234:35
    at [90mfile:///C:/Users/mizut/baseball-ai-media/[39mnode_modules/[4m@vitest[24m/runner/dist/chunk-hooks.js:155:11
    at [90mfile:///C:/Users/mizut/baseball-ai-media/[39mnode_modules/[4m@vitest[24m/runner/dist/chunk-hooks.js:752:26
    at [90mfile:///C:/Users/mizut/baseball-ai-media/[39mnode_modules/[4m@vitest[24m/runner/dist/chunk-hooks.js:1897:20
    at new Promise (&lt;anonymous&gt;)
    at runWithTimeout [90m(file:///C:/Users/mizut/baseball-ai-media/[39mnode_modules/[4m@vitest[24m/runner/dist/chunk-hooks.js:1863:10[90m)[39m
    at runTest [90m(file:///C:/Users/mizut/baseball-ai-media/[39mnode_modules/[4m@vitest[24m/runner/dist/chunk-hooks.js:1574:12[90m)[39m

No 勝率 data found for 中日ドラゴンズ in 2024

            </system-err>
        </testcase>
        <testcase classname="__tests__/golden-sample.test.ts" name="Golden Sample Validation &gt; Team Statistics Validation &gt; 中日ドラゴンズ (D) &gt; should have 得点 2024 within [350, 750]" time="0.0010499">
            <system-err>
Failed to fetch team stats for D year 2024: RangeError: Too many parameter values were provided
    at query [90m(C:\Users\mizut\baseball-ai-media\[39mlib\db.ts:78:50[90m)[39m
    at get [90m(C:\Users\mizut\baseball-ai-media\[39mlib\db.ts:117:25[90m)[39m
    at getTeamYearStats [90m(C:\Users\mizut\baseball-ai-media\[39m__tests__\golden-sample.test.ts:136:26[90m)[39m
    at [90mC:\Users\mizut\baseball-ai-media\[39m__tests__\golden-sample.test.ts:234:35
    at [90mfile:///C:/Users/mizut/baseball-ai-media/[39mnode_modules/[4m@vitest[24m/runner/dist/chunk-hooks.js:155:11
    at [90mfile:///C:/Users/mizut/baseball-ai-media/[39mnode_modules/[4m@vitest[24m/runner/dist/chunk-hooks.js:752:26
    at [90mfile:///C:/Users/mizut/baseball-ai-media/[39mnode_modules/[4m@vitest[24m/runner/dist/chunk-hooks.js:1897:20
    at new Promise (&lt;anonymous&gt;)
    at runWithTimeout [90m(file:///C:/Users/mizut/baseball-ai-media/[39mnode_modules/[4m@vitest[24m/runner/dist/chunk-hooks.js:1863:10[90m)[39m
    at runTest [90m(file:///C:/Users/mizut/baseball-ai-media/[39mnode_modules/[4m@vitest[24m/runner/dist/chunk-hooks.js:1574:12[90m)[39m

No 得点 data found for 中日ドラゴンズ in 2024

            </system-err>
        </testcase>
        <testcase classname="__tests__/golden-sample.test.ts" name="Golden Sample Validation &gt; Team Statistics Validation &gt; 中日ドラゴンズ (D) &gt; should have 失点 2024 within [400, 800]" time="0.0009903">
            <system-err>
Failed to fetch team stats for D year 2024: RangeError: Too many parameter values were provided
    at query [90m(C:\Users\mizut\baseball-ai-media\[39mlib\db.ts:78:50[90m)[39m
    at get [90m(C:\Users\mizut\baseball-ai-media\[39mlib\db.ts:117:25[90m)[39m
    at getTeamYearStats [90m(C:\Users\mizut\baseball-ai-media\[39m__tests__\golden-sample.test.ts:136:26[90m)[39m
    at [90mC:\Users\mizut\baseball-ai-media\[39m__tests__\golden-sample.test.ts:234:35
    at [90mfile:///C:/Users/mizut/baseball-ai-media/[39mnode_modules/[4m@vitest[24m/runner/dist/chunk-hooks.js:155:11
    at [90mfile:///C:/Users/mizut/baseball-ai-media/[39mnode_modules/[4m@vitest[24m/runner/dist/chunk-hooks.js:752:26
    at [90mfile:///C:/Users/mizut/baseball-ai-media/[39mnode_modules/[4m@vitest[24m/runner/dist/chunk-hooks.js:1897:20
    at new Promise (&lt;anonymous&gt;)
    at runWithTimeout [90m(file:///C:/Users/mizut/baseball-ai-media/[39mnode_modules/[4m@vitest[24m/runner/dist/chunk-hooks.js:1863:10[90m)[39m
    at runTest [90m(file:///C:/Users/mizut/baseball-ai-media/[39mnode_modules/[4m@vitest[24m/runner/dist/chunk-hooks.js:1574:12[90m)[39m

No 失点 data found for 中日ドラゴンズ in 2024

            </system-err>
        </testcase>
        <testcase classname="__tests__/golden-sample.test.ts" name="Golden Sample Validation &gt; Team Statistics Validation &gt; 中日ドラゴンズ (D) &gt; should have 本塁打 2024 within [70, 180]" time="0.0010069">
            <system-err>
Failed to fetch team stats for D year 2024: RangeError: Too many parameter values were provided
    at query [90m(C:\Users\mizut\baseball-ai-media\[39mlib\db.ts:78:50[90m)[39m
    at get [90m(C:\Users\mizut\baseball-ai-media\[39mlib\db.ts:117:25[90m)[39m
    at getTeamYearStats [90m(C:\Users\mizut\baseball-ai-media\[39m__tests__\golden-sample.test.ts:136:26[90m)[39m
    at [90mC:\Users\mizut\baseball-ai-media\[39m__tests__\golden-sample.test.ts:234:35
    at [90mfile:///C:/Users/mizut/baseball-ai-media/[39mnode_modules/[4m@vitest[24m/runner/dist/chunk-hooks.js:155:11
    at [90mfile:///C:/Users/mizut/baseball-ai-media/[39mnode_modules/[4m@vitest[24m/runner/dist/chunk-hooks.js:752:26
    at [90mfile:///C:/Users/mizut/baseball-ai-media/[39mnode_modules/[4m@vitest[24m/runner/dist/chunk-hooks.js:1897:20
    at new Promise (&lt;anonymous&gt;)
    at runWithTimeout [90m(file:///C:/Users/mizut/baseball-ai-media/[39mnode_modules/[4m@vitest[24m/runner/dist/chunk-hooks.js:1863:10[90m)[39m
    at runTest [90m(file:///C:/Users/mizut/baseball-ai-media/[39mnode_modules/[4m@vitest[24m/runner/dist/chunk-hooks.js:1574:12[90m)[39m

No 本塁打 data found for 中日ドラゴンズ in 2024

            </system-err>
        </testcase>
        <testcase classname="__tests__/golden-sample.test.ts" name="Golden Sample Validation &gt; Team Statistics Validation &gt; 中日ドラゴンズ (D) &gt; should have realistic win percentage for 中日ドラゴンズ" time="0.0034776">
            <system-err>
Failed to fetch team stats for D year 2021: RangeError: Too many parameter values were provided
    at query [90m(C:\Users\mizut\baseball-ai-media\[39mlib\db.ts:78:50[90m)[39m
    at get [90m(C:\Users\mizut\baseball-ai-media\[39mlib\db.ts:117:25[90m)[39m
    at getTeamYearStats [90m(C:\Users\mizut\baseball-ai-media\[39m__tests__\golden-sample.test.ts:136:26[90m)[39m
    at [90mC:\Users\mizut\baseball-ai-media\[39m__tests__\golden-sample.test.ts:258:33
    at [90mfile:///C:/Users/mizut/baseball-ai-media/[39mnode_modules/[4m@vitest[24m/runner/dist/chunk-hooks.js:155:11
    at [90mfile:///C:/Users/mizut/baseball-ai-media/[39mnode_modules/[4m@vitest[24m/runner/dist/chunk-hooks.js:752:26
    at [90mfile:///C:/Users/mizut/baseball-ai-media/[39mnode_modules/[4m@vitest[24m/runner/dist/chunk-hooks.js:1897:20
    at new Promise (&lt;anonymous&gt;)
    at runWithTimeout [90m(file:///C:/Users/mizut/baseball-ai-media/[39mnode_modules/[4m@vitest[24m/runner/dist/chunk-hooks.js:1863:10[90m)[39m
    at runTest [90m(file:///C:/Users/mizut/baseball-ai-media/[39mnode_modules/[4m@vitest[24m/runner/dist/chunk-hooks.js:1574:12[90m)[39m

Failed to fetch team stats for D year 2022: RangeError: Too many parameter values were provided
    at query [90m(C:\Users\mizut\baseball-ai-media\[39mlib\db.ts:78:50[90m)[39m
    at get [90m(C:\Users\mizut\baseball-ai-media\[39mlib\db.ts:117:25[90m)[39m
    at getTeamYearStats [90m(C:\Users\mizut\baseball-ai-media\[39m__tests__\golden-sample.test.ts:136:26[90m)[39m
    at [90mC:\Users\mizut\baseball-ai-media\[39m__tests__\golden-sample.test.ts:258:33
[90m    at processTicksAndRejections (node:internal/process/task_queues:95:5)[39m
    at [90mfile:///C:/Users/mizut/baseball-ai-media/[39mnode_modules/[4m@vitest[24m/runner/dist/chunk-hooks.js:752:20

Failed to fetch team stats for D year 2023: RangeError: Too many parameter values were provided
    at query [90m(C:\Users\mizut\baseball-ai-media\[39mlib\db.ts:78:50[90m)[39m
    at get [90m(C:\Users\mizut\baseball-ai-media\[39mlib\db.ts:117:25[90m)[39m
    at getTeamYearStats [90m(C:\Users\mizut\baseball-ai-media\[39m__tests__\golden-sample.test.ts:136:26[90m)[39m
    at [90mC:\Users\mizut\baseball-ai-media\[39m__tests__\golden-sample.test.ts:258:33
[90m    at processTicksAndRejections (node:internal/process/task_queues:95:5)[39m
    at [90mfile:///C:/Users/mizut/baseball-ai-media/[39mnode_modules/[4m@vitest[24m/runner/dist/chunk-hooks.js:752:20

Failed to fetch team stats for D year 2024: RangeError: Too many parameter values were provided
    at query [90m(C:\Users\mizut\baseball-ai-media\[39mlib\db.ts:78:50[90m)[39m
    at get [90m(C:\Users\mizut\baseball-ai-media\[39mlib\db.ts:117:25[90m)[39m
    at getTeamYearStats [90m(C:\Users\mizut\baseball-ai-media\[39m__tests__\golden-sample.test.ts:136:26[90m)[39m
    at [90mC:\Users\mizut\baseball-ai-media\[39m__tests__\golden-sample.test.ts:258:33
[90m    at processTicksAndRejections (node:internal/process/task_queues:95:5)[39m
    at [90mfile:///C:/Users/mizut/baseball-ai-media/[39mnode_modules/[4m@vitest[24m/runner/dist/chunk-hooks.js:752:20

            </system-err>
        </testcase>
        <testcase classname="__tests__/golden-sample.test.ts" name="Golden Sample Validation &gt; Team Statistics Validation &gt; 東京ヤクルトスワローズ (S) &gt; should have 勝率 2024 within [0.4, 0.7]" time="0.0010122">
            <system-err>
Failed to fetch team stats for S year 2024: RangeError: Too many parameter values were provided
    at query [90m(C:\Users\mizut\baseball-ai-media\[39mlib\db.ts:78:50[90m)[39m
    at get [90m(C:\Users\mizut\baseball-ai-media\[39mlib\db.ts:117:25[90m)[39m
    at getTeamYearStats [90m(C:\Users\mizut\baseball-ai-media\[39m__tests__\golden-sample.test.ts:136:26[90m)[39m
    at [90mC:\Users\mizut\baseball-ai-media\[39m__tests__\golden-sample.test.ts:234:35
    at [90mfile:///C:/Users/mizut/baseball-ai-media/[39mnode_modules/[4m@vitest[24m/runner/dist/chunk-hooks.js:155:11
    at [90mfile:///C:/Users/mizut/baseball-ai-media/[39mnode_modules/[4m@vitest[24m/runner/dist/chunk-hooks.js:752:26
    at [90mfile:///C:/Users/mizut/baseball-ai-media/[39mnode_modules/[4m@vitest[24m/runner/dist/chunk-hooks.js:1897:20
    at new Promise (&lt;anonymous&gt;)
    at runWithTimeout [90m(file:///C:/Users/mizut/baseball-ai-media/[39mnode_modules/[4m@vitest[24m/runner/dist/chunk-hooks.js:1863:10[90m)[39m
    at runTest [90m(file:///C:/Users/mizut/baseball-ai-media/[39mnode_modules/[4m@vitest[24m/runner/dist/chunk-hooks.js:1574:12[90m)[39m

No 勝率 data found for 東京ヤクルトスワローズ in 2024

            </system-err>
        </testcase>
        <testcase classname="__tests__/golden-sample.test.ts" name="Golden Sample Validation &gt; Team Statistics Validation &gt; 東京ヤクルトスワローズ (S) &gt; should have 得点 2024 within [400, 800]" time="0.0010043">
            <system-err>
Failed to fetch team stats for S year 2024: RangeError: Too many parameter values were provided
    at query [90m(C:\Users\mizut\baseball-ai-media\[39mlib\db.ts:78:50[90m)[39m
    at get [90m(C:\Users\mizut\baseball-ai-media\[39mlib\db.ts:117:25[90m)[39m
    at getTeamYearStats [90m(C:\Users\mizut\baseball-ai-media\[39m__tests__\golden-sample.test.ts:136:26[90m)[39m
    at [90mC:\Users\mizut\baseball-ai-media\[39m__tests__\golden-sample.test.ts:234:35
    at [90mfile:///C:/Users/mizut/baseball-ai-media/[39mnode_modules/[4m@vitest[24m/runner/dist/chunk-hooks.js:155:11
    at [90mfile:///C:/Users/mizut/baseball-ai-media/[39mnode_modules/[4m@vitest[24m/runner/dist/chunk-hooks.js:752:26
    at [90mfile:///C:/Users/mizut/baseball-ai-media/[39mnode_modules/[4m@vitest[24m/runner/dist/chunk-hooks.js:1897:20
    at new Promise (&lt;anonymous&gt;)
    at runWithTimeout [90m(file:///C:/Users/mizut/baseball-ai-media/[39mnode_modules/[4m@vitest[24m/runner/dist/chunk-hooks.js:1863:10[90m)[39m
    at runTest [90m(file:///C:/Users/mizut/baseball-ai-media/[39mnode_modules/[4m@vitest[24m/runner/dist/chunk-hooks.js:1574:12[90m)[39m

No 得点 data found for 東京ヤクルトスワローズ in 2024

            </system-err>
        </testcase>
        <testcase classname="__tests__/golden-sample.test.ts" name="Golden Sample Validation &gt; Team Statistics Validation &gt; 東京ヤクルトスワローズ (S) &gt; should have 失点 2024 within [350, 750]" time="0.0009896">
            <system-err>
Failed to fetch team stats for S year 2024: RangeError: Too many parameter values were provided
    at query [90m(C:\Users\mizut\baseball-ai-media\[39mlib\db.ts:78:50[90m)[39m
[...]
[90m    at processTicksAndRejections (node:internal/process/task_queues:95:5)[39m
    at [90mfile:///C:/Users/mizut/baseball-ai-media/[39mnode_modules/[4m@vitest[24m/runner/dist/chunk-hooks.js:752:20

            </system-err>
        </testcase>
        <testcase classname="__tests__/golden-sample.test.ts" name="Golden Sample Validation &gt; Team Statistics Validation &gt; 千葉ロッテマリーンズ (M) &gt; should have 勝率 2024 within [0.35, 0.65]" time="0.0010609">
            <system-err>
Failed to fetch team stats for M year 2024: RangeError: Too many parameter values were provided
    at query [90m(C:\Users\mizut\baseball-ai-media\[39mlib\db.ts:78:50[90m)[39m
    at get [90m(C:\Users\mizut\baseball-ai-media\[39mlib\db.ts:117:25[90m)[39m
    at getTeamYearStats [90m(C:\Users\mizut\baseball-ai-media\[39m__tests__\golden-sample.test.ts:136:26[90m)[39m
    at [90mC:\Users\mizut\baseball-ai-media\[39m__tests__\golden-sample.test.ts:234:35
    at [90mfile:///C:/Users/mizut/baseball-ai-media/[39mnode_modules/[4m@vitest[24m/runner/dist/chunk-hooks.js:155:11
    at [90mfile:///C:/Users/mizut/baseball-ai-media/[39mnode_modules/[4m@vitest[24m/runner/dist/chunk-hooks.js:752:26
    at [90mfile:///C:/Users/mizut/baseball-ai-media/[39mnode_modules/[4m@vitest[24m/runner/dist/chunk-hooks.js:1897:20
    at new Promise (&lt;anonymous&gt;)
    at runWithTimeout [90m(file:///C:/Users/mizut/baseball-ai-media/[39mnode_modules/[4m@vitest[24m/runner/dist/chunk-hooks.js:1863:10[90m)[39m
    at runTest [90m(file:///C:/Users/mizut/baseball-ai-media/[39mnode_modules/[4m@vitest[24m/runner/dist/chunk-hooks.js:1574:12[90m)[39m

No 勝率 data found for 千葉ロッテマリーンズ in 2024

            </system-err>
        </testcase>
        <testcase classname="__tests__/golden-sample.test.ts" name="Golden Sample Validation &gt; Team Statistics Validation &gt; 千葉ロッテマリーンズ (M) &gt; should have 得点 2024 within [350, 750]" time="0.0010542">
            <system-err>
Failed to fetch team stats for M year 2024: RangeError: Too many parameter values were provided
    at query [90m(C:\Users\mizut\baseball-ai-media\[39mlib\db.ts:78:50[90m)[39m
    at get [90m(C:\Users\mizut\baseball-ai-media\[39mlib\db.ts:117:25[90m)[39m
    at getTeamYearStats [90m(C:\Users\mizut\baseball-ai-media\[39m__tests__\golden-sample.test.ts:136:26[90m)[39m
    at [90mC:\Users\mizut\baseball-ai-media\[39m__tests__\golden-sample.test.ts:234:35
    at [90mfile:///C:/Users/mizut/baseball-ai-media/[39mnode_modules/[4m@vitest[24m/runner/dist/chunk-hooks.js:155:11
    at [90mfile:///C:/Users/mizut/baseball-ai-media/[39mnode_modules/[4m@vitest[24m/runner/dist/chunk-hooks.js:752:26
    at [90mfile:///C:/Users/mizut/baseball-ai-media/[39mnode_modules/[4m@vitest[24m/runner/dist/chunk-hooks.js:1897:20
    at new Promise (&lt;anonymous&gt;)
    at runWithTimeout [90m(file:///C:/Users/mizut/baseball-ai-media/[39mnode_modules/[4m@vitest[24m/runner/dist/chunk-hooks.js:1863:10[90m)[39m
    at runTest [90m(file:///C:/Users/mizut/baseball-ai-media/[39mnode_modules/[4m@vitest[24m/runner/dist/chunk-hooks.js:1574:12[90m)[39m

No 得点 data found for 千葉ロッテマリーンズ in 2024

            </system-err>
        </testcase>
        <testcase classname="__tests__/golden-sample.test.ts" name="Golden Sample Validation &gt; Team Statistics Validation &gt; 千葉ロッテマリーンズ (M) &gt; should have 失点 2024 within [400, 800]" time="0.0012625">
            <system-err>
Failed to fetch team stats for M year 2024: RangeError: Too many parameter values were provided
    at query [90m(C:\Users\mizut\baseball-ai-media\[39mlib\db.ts:78:50[90m)[39m
    at get [90m(C:\Users\mizut\baseball-ai-media\[39mlib\db.ts:117:25[90m)[39m
    at getTeamYearStats [90m(C:\Users\mizut\baseball-ai-media\[39m__tests__\golden-sample.test.ts:136:26[90m)[39m
    at [90mC:\Users\mizut\baseball-ai-media\[39m__tests__\golden-sample.test.ts:234:35
    at [90mfile:///C:/Users/mizut/baseball-ai-media/[39mnode_modules/[4m@vitest[24m/runner/dist/chunk-hooks.js:155:11
    at [90mfile:///C:/Users/mizut/baseball-ai-media/[39mnode_modules/[4m@vitest[24m/runner/dist/chunk-hooks.js:752:26
    at [90mfile:///C:/Users/mizut/baseball-ai-media/[39mnode_modules/[4m@vitest[24m/runner/dist/chunk-hooks.js:1897:20
    at new Promise (&lt;anonymous&gt;)
    at runWithTimeout [90m(file:///C:/Users/mizut/baseball-ai-media/[39mnode_modules/[4m@vitest[24m/runner/dist/chunk-hooks.js:1863:10[90m)[39m
    at runTest [90m(file:///C:/Users/mizut/baseball-ai-media/[39mnode_modules/[4m@vitest[24m/runner/dist/chunk-hooks.js:1574:12[90m)[39m

No 失点 data found for 千葉ロッテマリーンズ in 2024

            </system-err>
        </testcase>
        <testcase classname="__tests__/golden-sample.test.ts" name="Golden Sample Validation &gt; Team Statistics Validation &gt; 千葉ロッテマリーンズ (M) &gt; should have 本塁打 2024 within [70, 200]" time="0.0010864">
            <system-err>
Failed to fetch team stats for M year 2024: RangeError: Too many parameter values were provided
    at query [90m(C:\Users\mizut\baseball-ai-media\[39mlib\db.ts:78:50[90m)[39m
    at get [90m(C:\Users\mizut\baseball-ai-media\[39mlib\db.ts:117:25[90m)[39m
    at getTeamYearStats [90m(C:\Users\mizut\baseball-ai-media\[39m__tests__\golden-sample.test.ts:136:26[90m)[39m
    at [90mC:\Users\mizut\baseball-ai-media\[39m__tests__\golden-sample.test.ts:234:35
    at [90mfile:///C:/Users/mizut/baseball-ai-media/[39mnode_modules/[4m@vitest[24m/runner/dist/chunk-hooks.js:155:11
    at [90mfile:///C:/Users/mizut/baseball-ai-media/[39mnode_modules/[4m@vitest[24m/runner/dist/chunk-hooks.js:752:26
    at [90mfile:///C:/Users/mizut/baseball-ai-media/[39mnode_modules/[4m@vitest[24m/runner/dist/chunk-hooks.js:1897:20
    at new Promise (&lt;anonymous&gt;)
    at runWithTimeout [90m(file:///C:/Users/mizut/baseball-ai-media/[39mnode_modules/[4m@vitest[24m/runner/dist/chunk-hooks.js:1863:10[90m)[39m
    at runTest [90m(file:///C:/Users/mizut/baseball-ai-media/[39mnode_modules/[4m@vitest[24m/runner/dist/chunk-hooks.js:1574:12[90m)[39m

No 本塁打 data found for 千葉ロッテマリーンズ in 2024

            </system-err>
        </testcase>
        <testcase classname="__tests__/golden-sample.test.ts" name="Golden Sample Validation &gt; Team Statistics Validation &gt; 千葉ロッテマリーンズ (M) &gt; should have realistic win percentage for 千葉ロッテマリーンズ" time="0.0036467">
            <system-err>
Failed to fetch team stats for M year 2021: RangeError: Too many parameter values were provided
    at query [90m(C:\Users\mizut\baseball-ai-media\[39mlib\db.ts:78:50[90m)[39m
    at get [90m(C:\Users\mizut\baseball-ai-media\[39mlib\db.ts:117:25[90m)[39m
    at getTeamYearStats [90m(C:\Users\mizut\baseball-ai-media\[39m__tests__\golden-sample.test.ts:136:26[90m)[39m
    at [90mC:\Users\mizut\baseball-ai-media\[39m__tests__\golden-sample.test.ts:258:33
    at [90mfile:///C:/Users/mizut/baseball-ai-media/[39mnode_modules/[4m@vitest[24m/runner/dist/chunk-hooks.js:155:11
    at [90mfile:///C:/Users/mizut/baseball-ai-media/[39mnode_modules/[4m@vitest[24m/runner/dist/chunk-hooks.js:752:26
    at [90mfile:///C:/Users/mizut/baseball-ai-media/[39mnode_modules/[4m@vitest[24m/runner/dist/chunk-hooks.js:1897:20
    at new Promise (&lt;anonymous&gt;)
    at runWithTimeout [90m(file:///C:/Users/mizut/baseball-ai-media/[39mnode_modules/[4m@vitest[24m/runner/dist/chunk-hooks.js:1863:10[90m)[39m
    at runTest [90m(file:///C:/Users/mizut/baseball-ai-media/[39mnode_modules/[4m@vitest[24m/runner/dist/chunk-hooks.js:1574:12[90m)[39m

Failed to fetch team stats for M year 2022: RangeError: Too many parameter values were provided
    at query [90m(C:\Users\mizut\baseball-ai-media\[39mlib\db.ts:78:50[90m)[39m
    at get [90m(C:\Users\mizut\baseball-ai-media\[39mlib\db.ts:117:25[90m)[39m
    at getTeamYearStats [90m(C:\Users\mizut\baseball-ai-media\[39m__tests__\golden-sample.test.ts:136:26[90m)[39m
    at [90mC:\Users\mizut\baseball-ai-media\[39m__tests__\golden-sample.test.ts:258:33
[90m    at processTicksAndRejections (node:internal/process/task_queues:95:5)[39m
    at [90mfile:///C:/Users/mizut/baseball-ai-media/[39mnode_modules/[4m@vitest[24m/runner/dist/chunk-hooks.js:752:20

Failed to fetch team stats for M year 2023: RangeError: Too many parameter values were provided
    at query [90m(C:\Users\mizut\baseball-ai-media\[39mlib\db.ts:78:50[90m)[39m
    at get [90m(C:\Users\mizut\baseball-ai-media\[39mlib\db.ts:117:25[90m)[39m
    at getTeamYearStats [90m(C:\Users\mizut\baseball-ai-media\[39m__tests__\golden-sample.test.ts:136:26[90m)[39m
    at [90mC:\Users\mizut\baseball-ai-media\[39m__tests__\golden-sample.test.ts:258:33
[90m    at processTicksAndRejections (node:internal/process/task_queues:95:5)[39m
    at [90mfile:///C:/Users/mizut/baseball-ai-media/[39mnode_modules/[4m@vitest[24m/runner/dist/chunk-hooks.js:752:20

Failed to fetch team stats for M year 2024: RangeError: Too many parameter values were provided
    at query [90m(C:\Users\mizut\baseball-ai-media\[39mlib\db.ts:78:50[90m)[39m
    at get [90m(C:\Users\mizut\baseball-ai-media\[39mlib\db.ts:117:25[90m)[39m
    at getTeamYearStats [90m(C:\Users\mizut\baseball-ai-media\[39m__tests__\golden-sample.test.ts:136:26[90m)[39m
    at [90mC:\Users\mizut\baseball-ai-media\[39m__tests__\golden-sample.test.ts:258:33
[90m    at processTicksAndRejections (node:internal/process/task_queues:95:5)[39m
    at [90mfile:///C:/Users/mizut/baseball-ai-media/[39mnode_modules/[4m@vitest[24m/runner/dist/chunk-hooks.js:752:20

            </system-err>
        </testcase>
        <testcase classname="__tests__/golden-sample.test.ts" name="Golden Sample Validation &gt; Team Statistics Validation &gt; 東北楽天ゴールデンイーグルス (E) &gt; should have 勝率 2024 within [0.35, 0.65]" time="0.0011318">
            <system-err>
Failed to fetch team stats for E year 2024: RangeError: Too many parameter values were provided
    at query [90m(C:\Users\mizut\baseball-ai-media\[39mlib\db.ts:78:50[90m)[39m
    at get [90m(C:\Users\mizut\baseball-ai-media\[39mlib\db.ts:117:25[90m)[39m
    at getTeamYearStats [90m(C:\Users\mizut\baseball-ai-media\[39m__tests__\golden-sample.test.ts:136:26[90m)[39m
    at [90mC:\Users\mizut\baseball-ai-media\[39m__tests__\golden-sample.test.ts:234:35
    at [90mfile:///C:/Users/mizut/baseball-ai-media/[39mnode_modules/[4m@vitest[24m/runner/dist/chunk-hooks.js:155:11
    at [90mfile:///C:/Users/mizut/baseball-ai-media/[39mnode_modules/[4m@vitest[24m/runner/dist/chunk-hooks.js:752:26
    at [90mfile:///C:/Users/mizut/baseball-ai-media/[39mnode_modules/[4m@vitest[24m/runner/dist/chunk-hooks.js:1897:20
    at new Promise (&lt;anonymous&gt;)
    at runWithTimeout [90m(file:///C:/Users/mizut/baseball-ai-media/[39mnode_modules/[4m@vitest[24m/runner/dist/chunk-hooks.js:1863:10[90m)[39m
    at runTest [90m(file:///C:/Users/mizut/baseball-ai-media/[39mnode_modules/[4m@vitest[24m/runner/dist/chunk-hooks.js:1574:12[90m)[39m

No 勝率 data found for 東北楽天ゴールデンイーグルス in 2024

            </system-err>
        </testcase>
        <testcase classname="__tests__/golden-sample.test.ts" name="Golden Sample Validation &gt; Team Statistics Validation &gt; 東北楽天ゴールデンイーグルス (E) &gt; should have 得点 2024 within [350, 750]" time="0.001108">
            <system-err>
Failed to fetch team stats for E year 2024: RangeError: Too many parameter values were provided
    at query [90m(C:\Users\mizut\baseball-ai-media\[39mlib\db.ts:78:50[90m)[39m
    at get [90m(C:\Users\mizut\baseball-ai-media\[39mlib\db.ts:117:25[90m)[39m
    at getTeamYearStats [90m(C:\Users\mizut\baseball-ai-media\[39m__tests__\golden-sample.test.ts:136:26[90m)[39m
    at [90mC:\Users\mizut\baseball-ai-media\[39m__tests__\golden-sample.test.ts:234:35
    at [90mfile:///C:/Users/mizut/baseball-ai-media/[39mnode_modules/[4m@vitest[24m/runner/dist/chunk-hooks.js:155:11
    at [90mfile:///C:/Users/mizut/baseball-ai-media/[39mnode_modules/[4m@vitest[24m/runner/dist/chunk-hooks.js:752:26
    at [90mfile:///C:/Users/mizut/baseball-ai-media/[39mnode_modules/[4m@vitest[24m/runner/dist/chunk-hooks.js:1897:20
    at new Promise (&lt;anonymous&gt;)
    at runWithTimeout [90m(file:///C:/Users/mizut/baseball-ai-media/[39mnode_modules/[4m@vitest[24m/runner/dist/chunk-hooks.js:1863:10[90m)[39m
    at runTest [90m(file:///C:/Users/mizut/baseball-ai-media/[39mnode_modules/[4m@vitest[24m/runner/dist/chunk-hooks.js:1574:12[90m)[39m

No 得点 data found for 東北楽天ゴールデンイーグルス in 2024

            </system-err>
        </testcase>
        <testcase classname="__tests__/golden-sample.test.ts" name="Golden Sample Validation &gt; Team Statistics Validation &gt; 東北楽天ゴールデンイーグルス (E) &gt; should have 失点 2024 within [400, 800]" time="0.0010587">
            <system-err>
Failed to fetch team stats for E year 2024: RangeError: Too many parameter values were provided
    at query [90m(C:\Users\mizut\baseball-ai-media\[39mlib\db.ts:78:50[90m)[39m
    at get [90m(C:\Users\mizut\baseball-ai-media\[39mlib\db.ts:117:25[90m)[39m
    at getTeamYearStats [90m(C:\Users\mizut\baseball-ai-media\[39m__tests__\golden-sample.test.ts:136:26[90m)[39m
    at [90mC:\Users\mizut\baseball-ai-media\[39m__tests__\golden-sample.test.ts:234:35
    at [90mfile:///C:/Users/mizut/baseball-ai-media/[39mnode_modules/[4m@vitest[24m/runner/dist/chunk-hooks.js:155:11
    at [90mfile:///C:/Users/mizut/baseball-ai-media/[39mnode_modules/[4m@vitest[24m/runner/dist/chunk-hooks.js:752:26
    at [90mfile:///C:/Users/mizut/baseball-ai-media/[39mnode_modules/[4m@vitest[24m/runner/dist/chunk-hooks.js:1897:20
    at new Promise (&lt;anonymous&gt;)
    at runWithTimeout [90m(file:///C:/Users/mizut/baseball-ai-media/[39mnode_modules/[4m@vitest[24m/runner/dist/chunk-hooks.js:1863:10[90m)[39m
    at runTest [90m(file:///C:/Users/mizut/baseball-ai-media/[39mnode_modules/[4m@vitest[24m/runner/dist/chunk-hooks.js:1574:12[90m)[39m

No 失点 data found for 東北楽天ゴールデンイーグルス in 2024

            </system-err>
        </testcase>
        <testcase classname="__tests__/golden-sample.test.ts" name="Golden Sample Validation &gt; Team Statistics Validation &gt; 東北楽天ゴールデンイーグルス (E) &gt; should have 本塁打 2024 within [70, 180]" time="0.0010684">
            <system-err>
Failed to fetch team stats for E year 2024: RangeError: Too many parameter values were provided
    at query [90m(C:\Users\mizut\baseball-ai-media\[39mlib\db.ts:78:50[90m)[39m
    at get [90m(C:\Users\mizut\baseball-ai-media\[39mlib\db.ts:117:25[90m)[39m
    at getTeamYearStats [90m(C:\Users\mizut\baseball-ai-media\[39m__tests__\golden-sample.test.ts:136:26[90m)[39m
    at [90mC:\Users\mizut\baseball-ai-media\[39m__tests__\golden-sample.test.ts:234:35
    at [90mfile:///C:/Users/mizut/baseball-ai-media/[39mnode_modules/[4m@vitest[24m/runner/dist/chunk-hooks.js:155:11
    at [90mfile:///C:/Users/mizut/baseball-ai-media/[39mnode_modules/[4m@vitest[24m/runner/dist/chunk-hooks.js:752:26
    at [90mfile:///C:/Users/mizut/baseball-ai-media/[39mnode_modules/[4m@vitest[24m/runner/dist/chunk-hooks.js:1897:20
    at new Promise (&lt;anonymous&gt;)
    at runWithTimeout [90m(file:///C:/Users/mizut/baseball-ai-media/[39mnode_modules/[4m@vitest[24m/runner/dist/chunk-hooks.js:1863:10[90m)[39m
    at runTest [90m(file:///C:/Users/mizut/baseball-ai-media/[39mnode_modules/[4m@vitest[24m/runner/dist/chunk-hooks.js:1574:12[90m)[39m

No 本塁打 data found for 東北楽天ゴールデンイーグルス in 2024

            </system-err>
        </testcase>
        <testcase classname="__tests__/golden-sample.test.ts" name="Golden Sample Validation &gt; Team Statistics Validation &gt; 東北楽天ゴールデンイーグルス (E) &gt; should have realistic win percentage for 東北楽天ゴールデンイーグルス" time="0.0050919">
            <system-err>
Failed to fetch team stats for E year 2021: RangeError: Too many parameter values were provided
    at query [90m(C:\Users\mizut\baseball-ai-media\[39mlib\db.ts:78:50[90m)[39m
    at get [90m(C:\Users\mizut\baseball-ai-media\[39mlib\db.ts:117:25[90m)[39m
    at getTeamYearStats [90m(C:\Users\mizut\baseball-ai-media\[39m__tests__\golden-sample.test.ts:136:26[90m)[39m
    at [90mC:\Users\mizut\baseball-ai-media\[39m__tests__\golden-sample.test.ts:258:33
    at [90mfile:///C:/Users/mizut/baseball-ai-media/[39mnode_modules/[4m@vitest[24m/runner/dist/chunk-hooks.js:155:11
    at [90mfile:///C:/Users/mizut/baseball-ai-media/[39mnode_modules/[4m@vitest[24m/runner/dist/chunk-hooks.js:752:26
    at [90mfile:///C:/Users/mizut/baseball-ai-media/[39mnode_modules/[4m@vitest[24m/runner/dist/chunk-hooks.js:1897:20
    at new Promise (&lt;anonymous&gt;)
    at runWithTimeout [90m(file:///C:/Users/mizut/baseball-ai-media/[39mnode_modules/[4m@vitest[24m/runner/dist/chunk-hooks.js:1863:10[90m)[39m
    at runTest [90m(file:///C:/Users/mizut/baseball-ai-media/[39mnode_modules/[4m@vitest[24m/runner/dist/chunk-hooks.js:1574:12[90m)[39m

Failed to fetch team stats for E year 2022: RangeError: Too many parameter values were provided
    at query [90m(C:\Users\mizut\baseball-ai-media\[39mlib\db.ts:78:50[90m)[39m
    at get [90m(C:\Users\mizut\baseball-ai-media\[39mlib\db.ts:117:25[90m)[39m
    at getTeamYearStats [90m(C:\Users\mizut\baseball-ai-media\[39m__tests__\golden-sample.test.ts:136:26[90m)[39m
    at [90mC:\Users\mizut\baseball-ai-media\[39m__tests__\golden-sample.test.ts:258:33
[90m    at processTicksAndRejections (node:internal/process/task_queues:95:5)[39m
    at [90mfile:///C:/Users/mizut/baseball-ai-media/[39mnode_modules/[4m@vitest[24m/runner/dist/chunk-hooks.js:752:20

Failed to fetch team stats for E year 2023: RangeError: Too many parameter values were provided
    at query [90m(C:\Users\mizut\baseball-ai-media\[39mlib\db.ts:78:50[90m)[39m
    at get [90m(C:\Users\mizut\baseball-ai-media\[39mlib\db.ts:117:25[90m)[39m
    at getTeamYearStats [90m(C:\Users\mizut\baseball-ai-media\[39m__tests__\golden-sample.test.ts:136:26[90m)[39m
    at [90mC:\Users\mizut\baseball-ai-media\[39m__tests__\golden-sample.test.ts:258:33
[90m    at processTicksAndRejections (node:internal/process/task_queues:95:5)[39m
    at [90mfile:///C:/Users/mizut/baseball-ai-media/[39mnode_modules/[4m@vitest[24m/runner/dist/chunk-hooks.js:752:20

Failed to fetch team stats for E year 2024: RangeError: Too many parameter values were provided
    at query [90m(C:\Users\mizut\baseball-ai-media\[39mlib\db.ts:78:50[90m)[39m
    at get [90m(C:\Users\mizut\baseball-ai-media\[39mlib\db.ts:117:25[90m)[39m
    at getTeamYearStats [90m(C:\Users\mizut\baseball-ai-media\[39m__tests__\golden-sample.test.ts:136:26[90m)[39m
    at [90mC:\Users\mizut\baseball-ai-media\[39m__tests__\golden-sample.test.ts:258:33
[90m    at processTicksAndRejections (node:internal/process/task_queues:95:5)[39m
    at [90mfile:///C:/Users/mizut/baseball-ai-media/[39mnode_modules/[4m@vitest[24m/runner/dist/chunk-hooks.js:752:20

            </system-err>
        </testcase>
        <testcase classname="__tests__/golden-sample.test.ts" name="Golden Sample Validation &gt; Data Consistency Checks &gt; should have all golden sample players in database" time="0.0063849">
        </testcase>
        <testcase classname="__tests__/golden-sample.test.ts" name="Golden Sample Validation &gt; Data Consistency Checks &gt; should have all golden sample teams in database" time="0.0057706">
        </testcase>
        <testcase classname="__tests__/golden-sample.test.ts" name="Golden Sample Validation &gt; Data Consistency Checks &gt; should have data for expected test years" time="0.0014824">
        </testcase>
        <testcase classname="__tests__/golden-sample.test.ts" name="Golden Sample Validation &gt; Golden Sample Metadata &gt; should have valid golden sample structure" time="0.0008166">
        </testcase>
        <testcase classname="__tests__/golden-sample.test.ts" name="Golden Sample Validation &gt; Golden Sample Metadata &gt; should have required fields for all players" time="0.0009607">
        </testcase>
        <testcase classname="__tests__/golden-sample.test.ts" name="Golden Sample Validation &gt; Golden Sample Metadata &gt; should have required fields for all teams" time="0.0008262">
        </testcase>
    </testsuite>
</testsuites>
